Using pre-set license
Built from '2021.2/staging' branch; Version is '2021.2.7f1 (6bd9e232123f) revision 7068130'; Using compiler version '192829333'; Build Type 'Release'
OS: 'Windows 10  (10.0.19043) 64bit Core' Language: 'en' Physical Memory: 16226 MB
BatchMode: 1, IsHumanControllingUs: 0, StartBugReporterOnCrash: 0, Is64bit: 1, IsPro: 0

COMMAND LINE ARGUMENTS:
C:\Program Files\Unity\Editor\2021.2.7f1\Editor\Unity.exe
-adb2
-batchMode
-noUpm
-name
AssetImportWorker0
-projectPath
E:/School/Winter2022/Production 6/Fighting-Game
-logFile
Logs/AssetImportWorker0.log
-srvPort
63393
Successfully changed project path to: E:/School/Winter2022/Production 6/Fighting-Game
E:/School/Winter2022/Production 6/Fighting-Game
[UnityMemory] Configuration Parameters - Can be set up in boot.config
    "memorysetup-bucket-allocator-granularity=16"
    "memorysetup-bucket-allocator-bucket-count=8"
    "memorysetup-bucket-allocator-block-size=33554432"
    "memorysetup-bucket-allocator-block-count=8"
    "memorysetup-main-allocator-block-size=16777216"
    "memorysetup-thread-allocator-block-size=16777216"
    "memorysetup-gfx-main-allocator-block-size=16777216"
    "memorysetup-gfx-thread-allocator-block-size=16777216"
    "memorysetup-cache-allocator-block-size=4194304"
    "memorysetup-typetree-allocator-block-size=2097152"
    "memorysetup-profiler-bucket-allocator-granularity=16"
    "memorysetup-profiler-bucket-allocator-bucket-count=8"
    "memorysetup-profiler-bucket-allocator-block-size=33554432"
    "memorysetup-profiler-bucket-allocator-block-count=8"
    "memorysetup-profiler-allocator-block-size=16777216"
    "memorysetup-profiler-editor-allocator-block-size=1048576"
    "memorysetup-temp-allocator-size-main=16777216"
    "memorysetup-job-temp-allocator-block-size=2097152"
    "memorysetup-job-temp-allocator-block-size-background=1048576"
    "memorysetup-job-temp-allocator-reduction-small-platforms=262144"
    "memorysetup-temp-allocator-size-background-worker=32768"
    "memorysetup-temp-allocator-size-job-worker=262144"
    "memorysetup-temp-allocator-size-preload-manager=33554432"
    "memorysetup-temp-allocator-size-nav-mesh-worker=65536"
    "memorysetup-temp-allocator-size-audio-worker=65536"
    "memorysetup-temp-allocator-size-cloud-worker=32768"
    "memorysetup-temp-allocator-size-gi-baking-worker=262144"
    "memorysetup-temp-allocator-size-gfx=262144"
Refreshing native plugins compatible for Editor in 86.68 ms, found 3 plugins.
Preloading 0 native plugins for Editor in 0.00 ms.
Initialize engine version: 2021.2.7f1 (6bd9e232123f)
[Subsystems] Discovering subsystems at path C:/Program Files/Unity/Editor/2021.2.7f1/Editor/Data/Resources/UnitySubsystems
[Subsystems] Discovering subsystems at path E:/School/Winter2022/Production 6/Fighting-Game/Assets
GfxDevice: creating device client; threaded=0; jobified=0
Direct3D:
    Version:  Direct3D 11.0 [level 11.1]
    Renderer: NVIDIA GeForce GTX 1050 (ID=0x1c8d)
    Vendor:   NVIDIA
    VRAM:     4019 MB
    Driver:   30.0.14.7239
Initialize mono
Mono path[0] = 'C:/Program Files/Unity/Editor/2021.2.7f1/Editor/Data/Managed'
Mono path[1] = 'C:/Program Files/Unity/Editor/2021.2.7f1/Editor/Data/MonoBleedingEdge/lib/mono/unityjit-win32'
Mono config path = 'C:/Program Files/Unity/Editor/2021.2.7f1/Editor/Data/MonoBleedingEdge/etc'
Using monoOptions --debugger-agent=transport=dt_socket,embedding=1,server=y,suspend=n,address=127.0.0.1:56704
Begin MonoManager ReloadAssembly
Registering precompiled unity dll's ...
Register platform support module: C:/Program Files/Unity/Editor/2021.2.7f1/Editor/Data/PlaybackEngines/WebGLSupport/UnityEditor.WebGL.Extensions.dll
Register platform support module: C:/Program Files/Unity/Editor/2021.2.7f1/Editor/Data/PlaybackEngines/WindowsStandaloneSupport/UnityEditor.WindowsStandalone.Extensions.dll
Register platform support module: C:/Program Files/Unity/Editor/2021.2.7f1/Editor/Data/PlaybackEngines/LinuxStandaloneSupport/UnityEditor.LinuxStandalone.Extensions.dll
Registered in 0.010720 seconds.
Native extension for LinuxStandalone target not found
Native extension for WindowsStandalone target not found
Native extension for WebGL target not found
Refreshing native plugins compatible for Editor in 81.56 ms, found 3 plugins.
Preloading 0 native plugins for Editor in 0.00 ms.
Mono: successfully reloaded assembly
- Completed reload, in  0.719 seconds
Domain Reload Profiling:
	ReloadAssembly (720ms)
		BeginReloadAssembly (85ms)
			ExecutionOrderSort (0ms)
			DisableScriptedObjects (0ms)
			BackupInstance (0ms)
			ReleaseScriptingObjects (0ms)
			CreateAndSetChildDomain (1ms)
		EndReloadAssembly (547ms)
			LoadAssemblies (83ms)
			RebuildTransferFunctionScriptingTraits (0ms)
			SetupTypeCache (127ms)
			ReleaseScriptCaches (0ms)
			RebuildScriptCaches (30ms)
			SetupLoadedEditorAssemblies (327ms)
				LogAssemblyErrors (0ms)
				InitializePlatformSupportModulesInManaged (20ms)
				SetLoadedEditorAssemblies (0ms)
				RefreshPlugins (82ms)
				BeforeProcessingInitializeOnLoad (1ms)
				ProcessInitializeOnLoadAttributes (176ms)
				ProcessInitializeOnLoadMethodAttributes (48ms)
				AfterProcessingInitializeOnLoad (0ms)
				EditorAssembliesLoaded (0ms)
			ExecutionOrderSort2 (0ms)
			AwakeInstancesAfterBackupRestoration (0ms)
Platform modules already initialized, skipping
Registering precompiled user dll's ...
Registered in 0.006131 seconds.
Begin MonoManager ReloadAssembly
Symbol file LoadedFromMemory doesn't match image E:\School\Winter2022\Production 6\Fighting-Game\Library\PackageCache\com.unity.visualscripting@1.7.6\Editor\VisualScripting.Core\Dependencies\YamlDotNet\Unity.VisualScripting.YamlDotNet.dll
Symbol file LoadedFromMemory doesn't match image E:\School\Winter2022\Production 6\Fighting-Game\Library\PackageCache\com.unity.visualscripting@1.7.6\Editor\VisualScripting.Core\Dependencies\DotNetZip\Unity.VisualScripting.IonicZip.dll
Native extension for LinuxStandalone target not found
Native extension for WindowsStandalone target not found
Native extension for WebGL target not found
Refreshing native plugins compatible for Editor in 0.49 ms, found 3 plugins.
Preloading 0 native plugins for Editor in 0.00 ms.
Mono: successfully reloaded assembly
- Completed reload, in  1.063 seconds
Domain Reload Profiling:
	ReloadAssembly (1064ms)
		BeginReloadAssembly (116ms)
			ExecutionOrderSort (0ms)
			DisableScriptedObjects (6ms)
			BackupInstance (0ms)
			ReleaseScriptingObjects (0ms)
			CreateAndSetChildDomain (19ms)
		EndReloadAssembly (832ms)
			LoadAssemblies (85ms)
			RebuildTransferFunctionScriptingTraits (0ms)
			SetupTypeCache (265ms)
			ReleaseScriptCaches (1ms)
			RebuildScriptCaches (51ms)
			SetupLoadedEditorAssemblies (384ms)
				LogAssemblyErrors (0ms)
				InitializePlatformSupportModulesInManaged (16ms)
				SetLoadedEditorAssemblies (0ms)
				RefreshPlugins (1ms)
				BeforeProcessingInitializeOnLoad (85ms)
				ProcessInitializeOnLoadAttributes (251ms)
				ProcessInitializeOnLoadMethodAttributes (21ms)
				AfterProcessingInitializeOnLoad (10ms)
				EditorAssembliesLoaded (0ms)
			ExecutionOrderSort2 (0ms)
			AwakeInstancesAfterBackupRestoration (14ms)
Platform modules already initialized, skipping
========================================================================
Worker process is ready to serve import requests
Launched and connected shader compiler UnityShaderCompiler.exe after 0.08 seconds
Refreshing native plugins compatible for Editor in 0.69 ms, found 3 plugins.
Preloading 0 native plugins for Editor in 0.00 ms.
Unloading 3220 Unused Serialized files (Serialized files now loaded: 0)
Unloading 26 unused Assets / (112.6 KB). Loaded Objects now: 3676.
Memory consumption went from 112.1 MB to 112.0 MB.
Total: 3.374100 ms (FindLiveObjects: 0.344800 ms CreateObjectMapping: 0.234000 ms MarkObjects: 2.691000 ms  DeleteObjects: 0.102800 ms)

AssetImportParameters requested are different than current active one (requested -> active):
  custom:video-decoder-ogg-theora: a1e56fd34408186e4bbccfd4996cb3dc -> 
  custom:container-muxer-webm: aa71ff27fc2769a1b78a27578f13a17b -> 
  custom:container-demuxer-webm: 4f35f7cbe854078d1ac9338744f61a02 -> 
  custom:video-encoder-webm-vp8: eb34c28f22e8b96e1ab97ce403110664 -> 
  custom:audio-encoder-webm-vorbis: bf7c407c2cedff20999df2af8eb42d56 -> 
  custom:framework-win-MediaFoundation: 216162199b28c13a410421893ffa2e32 -> 
  custom:container-demuxer-ogg: 62fdf1f143b41e24485cea50d1cbac27 -> 
  custom:video-decoder-webm-vp8: 9c59270c3fd7afecdb556c50c9e8de78 -> 
  custom:audio-decoder-ogg-vorbis: bf7c407c2cedff20999df2af8eb42d56 -> 
========================================================================
Received Import Request.
  Time since last request: 5631.730801 seconds.
  path: Assets/Models/Player
  artifactKey: Guid(e5e155d902cc29d4ab05dab0e87e39be) Importer(815301076,1909f56bfc062723c751e8b465ee728b)
Start importing Assets/Models/Player using Guid(e5e155d902cc29d4ab05dab0e87e39be) Importer(815301076,1909f56bfc062723c751e8b465ee728b)  -> (artifact id: '0064ef41eed1f2887224a73a2f0726f5') in 0.010710 seconds 
========================================================================
Received Import Request.
  Time since last request: 13.340403 seconds.
  path: Assets/Models/Environment/Street_props
  artifactKey: Guid(69de706f141999e4095ebab1c7754738) Importer(815301076,1909f56bfc062723c751e8b465ee728b)
Start importing Assets/Models/Environment/Street_props using Guid(69de706f141999e4095ebab1c7754738) Importer(815301076,1909f56bfc062723c751e8b465ee728b)  -> (artifact id: '58e79cbc948554dbae82e3827c632182') in 0.007654 seconds 
========================================================================
Received Import Request.
  Time since last request: 1.683234 seconds.
  path: Assets/Models/Environment/Street_props/Bench
  artifactKey: Guid(3ebb2aa4bf08e894381f6e2636a6f7ef) Importer(815301076,1909f56bfc062723c751e8b465ee728b)
Start importing Assets/Models/Environment/Street_props/Bench using Guid(3ebb2aa4bf08e894381f6e2636a6f7ef) Importer(815301076,1909f56bfc062723c751e8b465ee728b)  -> (artifact id: '597dcd9eb6156c11a5ec626b682474a8') in 0.007797 seconds 
========================================================================
Received Import Request.
  Time since last request: 0.049002 seconds.
  path: Assets/Models/Environment/Street_props/Bench/Bench_01_001.obj
  artifactKey: Guid(99be83d852df01b40beb80de60fd6191) Importer(815301076,1909f56bfc062723c751e8b465ee728b)
Start importing Assets/Models/Environment/Street_props/Bench/Bench_01_001.obj using Guid(99be83d852df01b40beb80de60fd6191) Importer(815301076,1909f56bfc062723c751e8b465ee728b)  -> (artifact id: '30d6bde85b70636decf2ef02283b19ce') in 0.348478 seconds 
========================================================================
Received Import Request.
  Time since last request: 0.000020 seconds.
  path: Assets/Models/Environment/Street_props/Bench/Bench_02_new_n.tga
  artifactKey: Guid(75fd31614b2d592448cc14ed8ec7658b) Importer(815301076,1909f56bfc062723c751e8b465ee728b)
Start importing Assets/Models/Environment/Street_props/Bench/Bench_02_new_n.tga using Guid(75fd31614b2d592448cc14ed8ec7658b) Importer(815301076,1909f56bfc062723c751e8b465ee728b)  -> (artifact id: '321b40a39fe662c1ae6968bd182049f3') in 0.081572 seconds 
========================================================================
Received Import Request.
  Time since last request: 0.000025 seconds.
  path: Assets/Models/Environment/Street_props/Bench/Bench_02_Old_Prefab.prefab
  artifactKey: Guid(26ff2f9d53deb3b4c954894591340206) Importer(815301076,1909f56bfc062723c751e8b465ee728b)
Start importing Assets/Models/Environment/Street_props/Bench/Bench_02_Old_Prefab.prefab using Guid(26ff2f9d53deb3b4c954894591340206) Importer(815301076,1909f56bfc062723c751e8b465ee728b)  -> (artifact id: 'f322fd7e4a1369c2414b85b4303982cf') in 0.277184 seconds 
========================================================================
Received Import Request.
  Time since last request: 0.000023 seconds.
  path: Assets/Models/Environment/Street_props/Bench/Bench_01_New.mat
  artifactKey: Guid(35b30d79816def14aba13bd67210c663) Importer(815301076,1909f56bfc062723c751e8b465ee728b)
Start importing Assets/Models/Environment/Street_props/Bench/Bench_01_New.mat using Guid(35b30d79816def14aba13bd67210c663) Importer(815301076,1909f56bfc062723c751e8b465ee728b)  -> (artifact id: '91041d9bc8798d39548d981f747fada5') in 0.169663 seconds 
========================================================================
Received Import Request.
  Time since last request: 0.000021 seconds.
  path: Assets/Models/Environment/Street_props/Bench/Bench_01_New_SG.tga
  artifactKey: Guid(5b7eb5217675cbe4ca8cdd90bef88f24) Importer(815301076,1909f56bfc062723c751e8b465ee728b)
Start importing Assets/Models/Environment/Street_props/Bench/Bench_01_New_SG.tga using Guid(5b7eb5217675cbe4ca8cdd90bef88f24) Importer(815301076,1909f56bfc062723c751e8b465ee728b)  -> (artifact id: 'b4e9302c8479ea3e043ed5e8a614e0f6') in 0.012204 seconds 
========================================================================
Received Import Request.
  Time since last request: 0.000022 seconds.
  path: Assets/Models/Environment/Street_props/Bench/Bench_01_OldPrefab.prefab
  artifactKey: Guid(a814136d8a6b3e845962a5cb82107688) Importer(815301076,1909f56bfc062723c751e8b465ee728b)
Start importing Assets/Models/Environment/Street_props/Bench/Bench_01_OldPrefab.prefab using Guid(a814136d8a6b3e845962a5cb82107688) Importer(815301076,1909f56bfc062723c751e8b465ee728b)  -> (artifact id: '0722833f12f176dbd14f196ccf90dc7b') in 0.015859 seconds 
========================================================================
Received Import Request.
  Time since last request: 0.000020 seconds.
  path: Assets/Models/Environment/Street_props/Bench/Bench_02_new_d.tga
  artifactKey: Guid(97f0004bc0adaaa458cf7d6dbd3b568d) Importer(815301076,1909f56bfc062723c751e8b465ee728b)
Start importing Assets/Models/Environment/Street_props/Bench/Bench_02_new_d.tga using Guid(97f0004bc0adaaa458cf7d6dbd3b568d) Importer(815301076,1909f56bfc062723c751e8b465ee728b)  -> (artifact id: 'fbc76e55fca93b84e51473959cc7b9b2') in 0.013837 seconds 
========================================================================
Received Import Request.
  Time since last request: 0.000019 seconds.
  path: Assets/Models/Environment/Street_props/Bench/Bench_02_New.mat
  artifactKey: Guid(7bd1fbefc590fe54e864aa2fa5d3fa1a) Importer(815301076,1909f56bfc062723c751e8b465ee728b)
Start importing Assets/Models/Environment/Street_props/Bench/Bench_02_New.mat using Guid(7bd1fbefc590fe54e864aa2fa5d3fa1a) Importer(815301076,1909f56bfc062723c751e8b465ee728b)  -> (artifact id: '572b8371e101e4c544e57e31bcad418e') in 0.033803 seconds 
========================================================================
Received Import Request.
  Time since last request: 0.000020 seconds.
  path: Assets/Models/Environment/Street_props/Bench/Bench_01_New_D.tga
  artifactKey: Guid(ebf1efe1065ed774b87b72e9a317c42d) Importer(815301076,1909f56bfc062723c751e8b465ee728b)
Start importing Assets/Models/Environment/Street_props/Bench/Bench_01_New_D.tga using Guid(ebf1efe1065ed774b87b72e9a317c42d) Importer(815301076,1909f56bfc062723c751e8b465ee728b)  -> (artifact id: '15694af8f370e5ecf0a203ee9fc7d381') in 0.012438 seconds 
========================================================================
Received Import Request.
  Time since last request: 0.000018 seconds.
  path: Assets/Models/Environment/Street_props/Bench/Bench_01_Old_SG.tga
  artifactKey: Guid(659a5d0d1eb6c51418600d37a0eb055b) Importer(815301076,1909f56bfc062723c751e8b465ee728b)
Start importing Assets/Models/Environment/Street_props/Bench/Bench_01_Old_SG.tga using Guid(659a5d0d1eb6c51418600d37a0eb055b) Importer(815301076,1909f56bfc062723c751e8b465ee728b)  -> (artifact id: 'dcb4bb4ec605f34e571d569dc359cf52') in 0.013139 seconds 
========================================================================
Received Import Request.
  Time since last request: 0.000016 seconds.
  path: Assets/Models/Environment/Street_props/Bench/Bench_02_new_sg.tga
  artifactKey: Guid(0e71a966c69f25e45bbce2fc1faf6d1d) Importer(815301076,1909f56bfc062723c751e8b465ee728b)
Start importing Assets/Models/Environment/Street_props/Bench/Bench_02_new_sg.tga using Guid(0e71a966c69f25e45bbce2fc1faf6d1d) Importer(815301076,1909f56bfc062723c751e8b465ee728b)  -> (artifact id: 'c4fd763c07137251f41f1efa783c4b26') in 0.012942 seconds 
========================================================================
Received Import Request.
  Time since last request: 0.000021 seconds.
  path: Assets/Models/Environment/Street_props/Bench/Bench_02_old_sg.tga
  artifactKey: Guid(bf0e9311d33e8094a8028dfd1de0bb25) Importer(815301076,1909f56bfc062723c751e8b465ee728b)
Start importing Assets/Models/Environment/Street_props/Bench/Bench_02_old_sg.tga using Guid(bf0e9311d33e8094a8028dfd1de0bb25) Importer(815301076,1909f56bfc062723c751e8b465ee728b)  -> (artifact id: 'b75cecccbe5b7e61d9037d08323a1a35') in 0.014324 seconds 
========================================================================
Received Import Request.
  Time since last request: 0.000021 seconds.
  path: Assets/Models/Environment/Street_props/Bench/Bench_02_New_Prefab.prefab
  artifactKey: Guid(f7cb6bba4a3df22448baa03443bb2382) Importer(815301076,1909f56bfc062723c751e8b465ee728b)
Start importing Assets/Models/Environment/Street_props/Bench/Bench_02_New_Prefab.prefab using Guid(f7cb6bba4a3df22448baa03443bb2382) Importer(815301076,1909f56bfc062723c751e8b465ee728b)  -> (artifact id: '8993a3206c01a0f1a87b47ce24878f56') in 0.025567 seconds 
========================================================================
Received Import Request.
  Time since last request: 18.191173 seconds.
  path: Assets/Models/Environment/Street_props/Bench/Bench_01_001.obj
  artifactKey: Guid(99be83d852df01b40beb80de60fd6191) Importer(815301076,1909f56bfc062723c751e8b465ee728b)
Start importing Assets/Models/Environment/Street_props/Bench/Bench_01_001.obj using Guid(99be83d852df01b40beb80de60fd6191) Importer(815301076,1909f56bfc062723c751e8b465ee728b)  -> (artifact id: 'bf915ddfa9d7f525e279e09dba8564b8') in 0.027847 seconds 
========================================================================
Received Import Request.
  Time since last request: 0.000025 seconds.
  path: Assets/Models/Environment/Street_props/Bench/Bench_01_OldPrefab.prefab
  artifactKey: Guid(a814136d8a6b3e845962a5cb82107688) Importer(815301076,1909f56bfc062723c751e8b465ee728b)
Start importing Assets/Models/Environment/Street_props/Bench/Bench_01_OldPrefab.prefab using Guid(a814136d8a6b3e845962a5cb82107688) Importer(815301076,1909f56bfc062723c751e8b465ee728b)  -> (artifact id: '804d43c1aa000afe4b2e94a8600aa3eb') in 0.020977 seconds 
========================================================================
Received Import Request.
  Time since last request: 22.438599 seconds.
  path: Assets/Models/Environment/Street_props/Bench/Bench_01_001.obj
  artifactKey: Guid(99be83d852df01b40beb80de60fd6191) Importer(815301076,1909f56bfc062723c751e8b465ee728b)
Start importing Assets/Models/Environment/Street_props/Bench/Bench_01_001.obj using Guid(99be83d852df01b40beb80de60fd6191) Importer(815301076,1909f56bfc062723c751e8b465ee728b)  -> (artifact id: '9f4794f69e4feaa34fe11f9f1583ea84') in 0.054360 seconds 
========================================================================
Received Import Request.
  Time since last request: 9.105085 seconds.
  path: Assets/Models/Environment/Street_props/Bench/Bench_01_001.obj
  artifactKey: Guid(99be83d852df01b40beb80de60fd6191) Importer(815301076,1909f56bfc062723c751e8b465ee728b)
Start importing Assets/Models/Environment/Street_props/Bench/Bench_01_001.obj using Guid(99be83d852df01b40beb80de60fd6191) Importer(815301076,1909f56bfc062723c751e8b465ee728b)  -> (artifact id: '630e5e968d0a8a74912aa3dd6ea77498') in 0.026768 seconds 
========================================================================
Received Import Request.
  Time since last request: 28.963629 seconds.
  path: Assets/Models/Environment/Street_props/Bench/Bench_01_001.obj
  artifactKey: Guid(99be83d852df01b40beb80de60fd6191) Importer(815301076,1909f56bfc062723c751e8b465ee728b)
Start importing Assets/Models/Environment/Street_props/Bench/Bench_01_001.obj using Guid(99be83d852df01b40beb80de60fd6191) Importer(815301076,1909f56bfc062723c751e8b465ee728b)  -> (artifact id: 'f532bc32556f762dd6e32e3bc7f347e5') in 0.025190 seconds 
========================================================================
Received Import Request.
  Time since last request: 4.537613 seconds.
  path: Assets/Models/Environment/Street_props/Bench/Bench_01_001.obj
  artifactKey: Guid(99be83d852df01b40beb80de60fd6191) Importer(815301076,1909f56bfc062723c751e8b465ee728b)
Start importing Assets/Models/Environment/Street_props/Bench/Bench_01_001.obj using Guid(99be83d852df01b40beb80de60fd6191) Importer(815301076,1909f56bfc062723c751e8b465ee728b)  -> (artifact id: '3b423a1c34e0a99ca55b9cdbaae2c280') in 0.025228 seconds 
========================================================================
Received Import Request.
  Time since last request: 25.172987 seconds.
  path: Assets/Models/Environment/Street_props/Bench/Materials
  artifactKey: Guid(1906690650766f24b82d92e2f3b6bccf) Importer(815301076,1909f56bfc062723c751e8b465ee728b)
Start importing Assets/Models/Environment/Street_props/Bench/Materials using Guid(1906690650766f24b82d92e2f3b6bccf) Importer(815301076,1909f56bfc062723c751e8b465ee728b)  -> (artifact id: '5b4f34cf1562ba84ff184f993b2c7a11') in 0.006567 seconds 
========================================================================
Received Import Request.
  Time since last request: 6.488979 seconds.
  path: Assets/Models/Environment/Street_props/Hydrant/Hydrant_01_001.obj
  artifactKey: Guid(a6184c934bae8dd41880538826349c47) Importer(815301076,1909f56bfc062723c751e8b465ee728b)
Start importing Assets/Models/Environment/Street_props/Hydrant/Hydrant_01_001.obj using Guid(a6184c934bae8dd41880538826349c47) Importer(815301076,1909f56bfc062723c751e8b465ee728b)  -> (artifact id: '2ba85c3d1109f809546d15af38f879d6') in 0.026039 seconds 
========================================================================
Received Import Request.
  Time since last request: 0.000020 seconds.
  path: Assets/Models/Environment/Street_props/Hydrant/Hydrant_02_Old.mat
  artifactKey: Guid(958436614861c2940bb6ab74283f47d0) Importer(815301076,1909f56bfc062723c751e8b465ee728b)
Start importing Assets/Models/Environment/Street_props/Hydrant/Hydrant_02_Old.mat using Guid(958436614861c2940bb6ab74283f47d0) Importer(815301076,1909f56bfc062723c751e8b465ee728b)  -> (artifact id: 'fc9b53c4a918eb3aa5b8d242ea02101a') in 0.052415 seconds 
========================================================================
Received Import Request.
  Time since last request: 0.000017 seconds.
  path: Assets/Models/Environment/Street_props/Hydrant/Hydrant_02_New_Prefab.prefab
  artifactKey: Guid(d97ee397119879f42b27a8e451485a4b) Importer(815301076,1909f56bfc062723c751e8b465ee728b)
Start importing Assets/Models/Environment/Street_props/Hydrant/Hydrant_02_New_Prefab.prefab using Guid(d97ee397119879f42b27a8e451485a4b) Importer(815301076,1909f56bfc062723c751e8b465ee728b)  -> (artifact id: 'c5708be11b2c37af199d80879c62d3f1') in 0.019018 seconds 
========================================================================
Received Import Request.
  Time since last request: 0.000024 seconds.
  path: Assets/Models/Environment/Street_props/Hydrant/Hydrant_02_old_d.tga
  artifactKey: Guid(b5717a9428a79804aafa16de66eae6a4) Importer(815301076,1909f56bfc062723c751e8b465ee728b)
Start importing Assets/Models/Environment/Street_props/Hydrant/Hydrant_02_old_d.tga using Guid(b5717a9428a79804aafa16de66eae6a4) Importer(815301076,1909f56bfc062723c751e8b465ee728b)  -> (artifact id: '48225cb5c329855495875e5e86a2abc8') in 0.014427 seconds 
========================================================================
Received Import Request.
  Time since last request: 0.000019 seconds.
  path: Assets/Models/Environment/Street_props/Hydrant/Hydrant_02_new_sg.tga
  artifactKey: Guid(465326becfc88a2458250616714d1423) Importer(815301076,1909f56bfc062723c751e8b465ee728b)
Start importing Assets/Models/Environment/Street_props/Hydrant/Hydrant_02_new_sg.tga using Guid(465326becfc88a2458250616714d1423) Importer(815301076,1909f56bfc062723c751e8b465ee728b)  -> (artifact id: 'b4bc3af9f671722b27e95f9ba4a48e40') in 0.016297 seconds 
========================================================================
Received Import Request.
  Time since last request: 0.000023 seconds.
  path: Assets/Models/Environment/Street_props/Hydrant/Hydrant_02_new_n.tga
  artifactKey: Guid(3f44e1a1d80494c47a921ea6e796b553) Importer(815301076,1909f56bfc062723c751e8b465ee728b)
Start importing Assets/Models/Environment/Street_props/Hydrant/Hydrant_02_new_n.tga using Guid(3f44e1a1d80494c47a921ea6e796b553) Importer(815301076,1909f56bfc062723c751e8b465ee728b)  -> (artifact id: '5b1591bd0b61ffa36b20d36dd4ebc6da') in 0.021061 seconds 
========================================================================
Received Import Request.
  Time since last request: 0.000024 seconds.
  path: Assets/Models/Environment/Street_props/Hydrant/Hydrant_01_New_D.tga
  artifactKey: Guid(76f3418a4e50cf9489cc421fab095759) Importer(815301076,1909f56bfc062723c751e8b465ee728b)
Start importing Assets/Models/Environment/Street_props/Hydrant/Hydrant_01_New_D.tga using Guid(76f3418a4e50cf9489cc421fab095759) Importer(815301076,1909f56bfc062723c751e8b465ee728b)  -> (artifact id: '468d12cded3ab106a6c82e5b80f1ca6a') in 0.013111 seconds 
========================================================================
Received Import Request.
  Time since last request: 0.000021 seconds.
  path: Assets/Models/Environment/Street_props/Hydrant/Hydrant_02_001.obj
  artifactKey: Guid(2bd352e791a4cd749b542d3f08e471ee) Importer(815301076,1909f56bfc062723c751e8b465ee728b)
Start importing Assets/Models/Environment/Street_props/Hydrant/Hydrant_02_001.obj using Guid(2bd352e791a4cd749b542d3f08e471ee) Importer(815301076,1909f56bfc062723c751e8b465ee728b)  -> (artifact id: 'a3aef4c30cc518368074ae9db1358d51') in 0.019863 seconds 
========================================================================
Received Import Request.
  Time since last request: 0.000021 seconds.
  path: Assets/Models/Environment/Street_props/Hydrant/Hydrant_01_New_Prefab.prefab
  artifactKey: Guid(ee93ae4e907184a4ababba792bae3be4) Importer(815301076,1909f56bfc062723c751e8b465ee728b)
Start importing Assets/Models/Environment/Street_props/Hydrant/Hydrant_01_New_Prefab.prefab using Guid(ee93ae4e907184a4ababba792bae3be4) Importer(815301076,1909f56bfc062723c751e8b465ee728b)  -> (artifact id: '887639010ad3a98f161344e5525c629f') in 0.018421 seconds 
========================================================================
Received Import Request.
  Time since last request: 14.898670 seconds.
  path: Assets/Models/Environment/Street_props/Hydrant/Hydrant_01_001.obj
  artifactKey: Guid(a6184c934bae8dd41880538826349c47) Importer(815301076,1909f56bfc062723c751e8b465ee728b)
Start importing Assets/Models/Environment/Street_props/Hydrant/Hydrant_01_001.obj using Guid(a6184c934bae8dd41880538826349c47) Importer(815301076,1909f56bfc062723c751e8b465ee728b)  -> (artifact id: 'ec74bf7041d61dc0f8116a73f29a073c') in 0.024975 seconds 
========================================================================
Received Import Request.
  Time since last request: 69.502547 seconds.
  path: Assets/Models/Environment/Street_props/Streetlight/Street_Light_01_1.obj
  artifactKey: Guid(1f2a8d80d8c91c2478184da3fe2ca12e) Importer(815301076,1909f56bfc062723c751e8b465ee728b)
Start importing Assets/Models/Environment/Street_props/Streetlight/Street_Light_01_1.obj using Guid(1f2a8d80d8c91c2478184da3fe2ca12e) Importer(815301076,1909f56bfc062723c751e8b465ee728b)  -> (artifact id: 'dcf7e072ccf49c057805fe69bdcdf70b') in 0.082208 seconds 
========================================================================
Received Import Request.
  Time since last request: 0.000025 seconds.
  path: Assets/Models/Environment/Street_props/Streetlight/Street_Light_01_4_Old_Prefab.prefab
  artifactKey: Guid(f03500044c996114baaca24a108b0705) Importer(815301076,1909f56bfc062723c751e8b465ee728b)
Start importing Assets/Models/Environment/Street_props/Streetlight/Street_Light_01_4_Old_Prefab.prefab using Guid(f03500044c996114baaca24a108b0705) Importer(815301076,1909f56bfc062723c751e8b465ee728b)  -> (artifact id: 'd6d44e1d625065e4cebfb45b4b0daab1') in 0.260544 seconds 
========================================================================
Received Import Request.
  Time since last request: 0.000042 seconds.
  path: Assets/Models/Environment/Street_props/Streetlight/Street_Light_02_New.mat
  artifactKey: Guid(bc17a6bf917c5ba45a6fc287686da0f5) Importer(815301076,1909f56bfc062723c751e8b465ee728b)
Start importing Assets/Models/Environment/Street_props/Streetlight/Street_Light_02_New.mat using Guid(bc17a6bf917c5ba45a6fc287686da0f5) Importer(815301076,1909f56bfc062723c751e8b465ee728b)  -> (artifact id: '8bbadf61eb3af5d44cb005357a79b7d5') in 0.027608 seconds 
========================================================================
Received Import Request.
  Time since last request: 0.000028 seconds.
  path: Assets/Models/Environment/Street_props/Streetlight/Street_Light_01_E.tga
  artifactKey: Guid(90171b35cd0428744808e3fe6c513697) Importer(815301076,1909f56bfc062723c751e8b465ee728b)
Start importing Assets/Models/Environment/Street_props/Streetlight/Street_Light_01_E.tga using Guid(90171b35cd0428744808e3fe6c513697) Importer(815301076,1909f56bfc062723c751e8b465ee728b)  -> (artifact id: '9ed7362e7d3507c7b66af7060951ad5c') in 0.016548 seconds 
========================================================================
Received Import Request.
  Time since last request: 0.000025 seconds.
  path: Assets/Models/Environment/Street_props/Streetlight/Street_Light_02_2_New_Prefab.prefab
  artifactKey: Guid(4ce4260432c13504e9b3f0870856da39) Importer(815301076,1909f56bfc062723c751e8b465ee728b)
Start importing Assets/Models/Environment/Street_props/Streetlight/Street_Light_02_2_New_Prefab.prefab using Guid(4ce4260432c13504e9b3f0870856da39) Importer(815301076,1909f56bfc062723c751e8b465ee728b)  -> (artifact id: '45e986802f10c0b8ff280ae685a4fb7b') in 0.025365 seconds 
========================================================================
Received Import Request.
  Time since last request: 0.000020 seconds.
  path: Assets/Models/Environment/Street_props/Streetlight/Street_Light_02_new_e.tga
  artifactKey: Guid(128480d03d27b78438fb327047bbf0b2) Importer(815301076,1909f56bfc062723c751e8b465ee728b)
Start importing Assets/Models/Environment/Street_props/Streetlight/Street_Light_02_new_e.tga using Guid(128480d03d27b78438fb327047bbf0b2) Importer(815301076,1909f56bfc062723c751e8b465ee728b)  -> (artifact id: '6d5d6e6687666df39eeb1d4d341c2559') in 0.011101 seconds 
========================================================================
Received Import Request.
  Time since last request: 0.000022 seconds.
  path: Assets/Models/Environment/Street_props/Streetlight/Street_Light_02_old_sg.tga
  artifactKey: Guid(2d9502ae2fa48cb4cbcf37178f34fd43) Importer(815301076,1909f56bfc062723c751e8b465ee728b)
Start importing Assets/Models/Environment/Street_props/Streetlight/Street_Light_02_old_sg.tga using Guid(2d9502ae2fa48cb4cbcf37178f34fd43) Importer(815301076,1909f56bfc062723c751e8b465ee728b)  -> (artifact id: 'be77bc167de7e50c51aa57f1f5e3edf2') in 0.014276 seconds 
========================================================================
Received Import Request.
  Time since last request: 0.000028 seconds.
  path: Assets/Models/Environment/Street_props/Streetlight/Street_Light_02_1_New_Prefab.prefab
  artifactKey: Guid(fa9905284a7f3584a992301bd26e9d26) Importer(815301076,1909f56bfc062723c751e8b465ee728b)
Start importing Assets/Models/Environment/Street_props/Streetlight/Street_Light_02_1_New_Prefab.prefab using Guid(fa9905284a7f3584a992301bd26e9d26) Importer(815301076,1909f56bfc062723c751e8b465ee728b)  -> (artifact id: 'ed6181f40eb867020fbd3a767a5601a6') in 0.019547 seconds 
========================================================================
Received Import Request.
  Time since last request: 0.000022 seconds.
  path: Assets/Models/Environment/Street_props/Streetlight/Street_Light_01_5.obj
  artifactKey: Guid(7c32849f49c89304ba717f93d12c535a) Importer(815301076,1909f56bfc062723c751e8b465ee728b)
Start importing Assets/Models/Environment/Street_props/Streetlight/Street_Light_01_5.obj using Guid(7c32849f49c89304ba717f93d12c535a) Importer(815301076,1909f56bfc062723c751e8b465ee728b)  -> (artifact id: '5b973adf26607c1d3a7375cfe0470db4') in 0.019401 seconds 
========================================================================
Received Import Request.
  Time since last request: 0.000020 seconds.
  path: Assets/Models/Environment/Street_props/Streetlight/Street_Light_01_2_Old_Prefab.prefab
  artifactKey: Guid(fa893b494245d0345912a981a35856f7) Importer(815301076,1909f56bfc062723c751e8b465ee728b)
Start importing Assets/Models/Environment/Street_props/Streetlight/Street_Light_01_2_Old_Prefab.prefab using Guid(fa893b494245d0345912a981a35856f7) Importer(815301076,1909f56bfc062723c751e8b465ee728b)  -> (artifact id: 'cf6cb47f90b0f90dbb07fd785b68a4fb') in 0.028766 seconds 
========================================================================
Received Import Request.
  Time since last request: 0.000026 seconds.
  path: Assets/Models/Environment/Street_props/Streetlight/Street_Light_02_old_d.tga
  artifactKey: Guid(713faf222319ed84e921a4b3ffef7f6e) Importer(815301076,1909f56bfc062723c751e8b465ee728b)
Start importing Assets/Models/Environment/Street_props/Streetlight/Street_Light_02_old_d.tga using Guid(713faf222319ed84e921a4b3ffef7f6e) Importer(815301076,1909f56bfc062723c751e8b465ee728b)  -> (artifact id: '5f845599d8e1eb4eba8354d742ebbf54') in 0.012712 seconds 
========================================================================
Received Import Request.
  Time since last request: 0.000028 seconds.
  path: Assets/Models/Environment/Street_props/Streetlight/Street_Light_01_New.mat
  artifactKey: Guid(b07cb45bd3788fe4d8fa6938cde558b3) Importer(815301076,1909f56bfc062723c751e8b465ee728b)
Start importing Assets/Models/Environment/Street_props/Streetlight/Street_Light_01_New.mat using Guid(b07cb45bd3788fe4d8fa6938cde558b3) Importer(815301076,1909f56bfc062723c751e8b465ee728b)  -> (artifact id: '4727f6a0a76718a9b19079d2c23a4270') in 0.021361 seconds 
========================================================================
Received Import Request.
  Time since last request: 0.000024 seconds.
  path: Assets/Models/Environment/Street_props/Streetlight/Street_Light_01_1_Old_Prefab.prefab
  artifactKey: Guid(9210217faf7d67b44b30c440605d1e5e) Importer(815301076,1909f56bfc062723c751e8b465ee728b)
Start importing Assets/Models/Environment/Street_props/Streetlight/Street_Light_01_1_Old_Prefab.prefab using Guid(9210217faf7d67b44b30c440605d1e5e) Importer(815301076,1909f56bfc062723c751e8b465ee728b)  -> (artifact id: 'e952189c52cfa9c0d3d1c72ff68ebeea') in 0.126732 seconds 
========================================================================
Received Import Request.
  Time since last request: 0.000022 seconds.
  path: Assets/Models/Environment/Street_props/Streetlight/Street_Light_01_3.obj
  artifactKey: Guid(7a35cd411beaae143a00cb9d423ae0b2) Importer(815301076,1909f56bfc062723c751e8b465ee728b)
Start importing Assets/Models/Environment/Street_props/Streetlight/Street_Light_01_3.obj using Guid(7a35cd411beaae143a00cb9d423ae0b2) Importer(815301076,1909f56bfc062723c751e8b465ee728b)  -> (artifact id: '119a6fce128401d91b14ee2a885ef72f') in 0.020009 seconds 
========================================================================
Received Import Request.
  Time since last request: 0.000017 seconds.
  path: Assets/Models/Environment/Street_props/Streetlight/Street_Light_01_New_D.tga
  artifactKey: Guid(3df01db33fc85ec4d89da6b02fcd2c5f) Importer(815301076,1909f56bfc062723c751e8b465ee728b)
Start importing Assets/Models/Environment/Street_props/Streetlight/Street_Light_01_New_D.tga using Guid(3df01db33fc85ec4d89da6b02fcd2c5f) Importer(815301076,1909f56bfc062723c751e8b465ee728b)  -> (artifact id: 'ae0bfd6fbd7542b10dd180e1d5fab9fb') in 0.015690 seconds 
========================================================================
Received Import Request.
  Time since last request: 0.000021 seconds.
  path: Assets/Models/Environment/Street_props/Streetlight/Street_Light_01_N.tga
  artifactKey: Guid(f2211e6bbf0d4284b94d90dcc803bbce) Importer(815301076,1909f56bfc062723c751e8b465ee728b)
Start importing Assets/Models/Environment/Street_props/Streetlight/Street_Light_01_N.tga using Guid(f2211e6bbf0d4284b94d90dcc803bbce) Importer(815301076,1909f56bfc062723c751e8b465ee728b)  -> (artifact id: '9207df35fbb4aba477ca23690a642bef') in 0.015272 seconds 
========================================================================
Received Import Request.
  Time since last request: 0.000039 seconds.
  path: Assets/Models/Environment/Street_props/Streetlight/Street_Light_01_Old_SG.tga
  artifactKey: Guid(da0d959150fa72744bea09071fa7e7d1) Importer(815301076,1909f56bfc062723c751e8b465ee728b)
Start importing Assets/Models/Environment/Street_props/Streetlight/Street_Light_01_Old_SG.tga using Guid(da0d959150fa72744bea09071fa7e7d1) Importer(815301076,1909f56bfc062723c751e8b465ee728b)  -> (artifact id: 'ade84f38fc0a0b93cae3f7e5005e4c44') in 0.017874 seconds 
========================================================================
Received Import Request.
  Time since last request: 36.987939 seconds.
  path: Assets/Models/Environment/Street_props/Trash/Trash_01_001.obj
  artifactKey: Guid(7733c9dc425c91c4a921bcb4d4cf8ecf) Importer(815301076,1909f56bfc062723c751e8b465ee728b)
Start importing Assets/Models/Environment/Street_props/Trash/Trash_01_001.obj using Guid(7733c9dc425c91c4a921bcb4d4cf8ecf) Importer(815301076,1909f56bfc062723c751e8b465ee728b)  -> (artifact id: '2577ed25bed87bcd691c87e6c62270fa') in 0.024618 seconds 
========================================================================
Received Import Request.
  Time since last request: 0.000020 seconds.
  path: Assets/Models/Environment/Street_props/Trash/Trash_02_old_d.tga
  artifactKey: Guid(539ca72e48b441941a87d01ea24a917a) Importer(815301076,1909f56bfc062723c751e8b465ee728b)
Start importing Assets/Models/Environment/Street_props/Trash/Trash_02_old_d.tga using Guid(539ca72e48b441941a87d01ea24a917a) Importer(815301076,1909f56bfc062723c751e8b465ee728b)  -> (artifact id: '9b02315da6403cfa52cabf14ab694c1f') in 0.017640 seconds 
========================================================================
Received Import Request.
  Time since last request: 0.000032 seconds.
  path: Assets/Models/Environment/Street_props/Trash/Trash_01_New_D.tga
  artifactKey: Guid(cc9bc643f2f81834e9767f92aeeb1f59) Importer(815301076,1909f56bfc062723c751e8b465ee728b)
Start importing Assets/Models/Environment/Street_props/Trash/Trash_01_New_D.tga using Guid(cc9bc643f2f81834e9767f92aeeb1f59) Importer(815301076,1909f56bfc062723c751e8b465ee728b)  -> (artifact id: '4186123b6171e71b7e3b6b4ed5df577b') in 0.011414 seconds 
========================================================================
Received Import Request.
  Time since last request: 0.000019 seconds.
  path: Assets/Models/Environment/Street_props/Trash/Trash_02_001_Old_Prefab.prefab
  artifactKey: Guid(f6b33cc14bb76314eb73574495ec1bbf) Importer(815301076,1909f56bfc062723c751e8b465ee728b)
Start importing Assets/Models/Environment/Street_props/Trash/Trash_02_001_Old_Prefab.prefab using Guid(f6b33cc14bb76314eb73574495ec1bbf) Importer(815301076,1909f56bfc062723c751e8b465ee728b)  -> (artifact id: 'f3fc6302321e75071d314c176e536d96') in 0.249157 seconds 
========================================================================
Received Import Request.
  Time since last request: 0.000022 seconds.
  path: Assets/Models/Environment/Street_props/Trash/Trash_02_new_d.tga
  artifactKey: Guid(eebac941f3151ec41a4a023aaa9e8ab8) Importer(815301076,1909f56bfc062723c751e8b465ee728b)
Start importing Assets/Models/Environment/Street_props/Trash/Trash_02_new_d.tga using Guid(eebac941f3151ec41a4a023aaa9e8ab8) Importer(815301076,1909f56bfc062723c751e8b465ee728b)  -> (artifact id: 'f6cf2b6b9e94241073d5afa7f30b794c') in 0.013995 seconds 
========================================================================
Received Import Request.
  Time since last request: 0.000039 seconds.
  path: Assets/Models/Environment/Street_props/Trash/Trash_01_Old_D.tga
  artifactKey: Guid(66c5f94d62cd81341ae77a8f78c8660e) Importer(815301076,1909f56bfc062723c751e8b465ee728b)
Start importing Assets/Models/Environment/Street_props/Trash/Trash_01_Old_D.tga using Guid(66c5f94d62cd81341ae77a8f78c8660e) Importer(815301076,1909f56bfc062723c751e8b465ee728b)  -> (artifact id: '704f60fa344d7bf87a1ffc5971aa943a') in 0.015810 seconds 
========================================================================
Received Import Request.
  Time since last request: 0.000084 seconds.
  path: Assets/Models/Environment/Street_props/Trash/Trash_01_Old_SG.tga
  artifactKey: Guid(88524db1380f49343818b1b2f838f0fc) Importer(815301076,1909f56bfc062723c751e8b465ee728b)
Start importing Assets/Models/Environment/Street_props/Trash/Trash_01_Old_SG.tga using Guid(88524db1380f49343818b1b2f838f0fc) Importer(815301076,1909f56bfc062723c751e8b465ee728b)  -> (artifact id: '5f8b3aa20a2ce57b1d80111e1b7639a3') in 0.016893 seconds 
========================================================================
Received Import Request.
  Time since last request: 0.000028 seconds.
  path: Assets/Models/Environment/Street_props/Trash/Trash_01_Old.mat
  artifactKey: Guid(2cdb6823e205bdf43b1d160cf5417659) Importer(815301076,1909f56bfc062723c751e8b465ee728b)
Start importing Assets/Models/Environment/Street_props/Trash/Trash_01_Old.mat using Guid(2cdb6823e205bdf43b1d160cf5417659) Importer(815301076,1909f56bfc062723c751e8b465ee728b)  -> (artifact id: 'e2d7fae3ea2d9278071b295e0b54f4e5') in 0.047178 seconds 
========================================================================
Received Import Request.
  Time since last request: 0.000016 seconds.
  path: Assets/Models/Environment/Street_props/Trash/Trash_02_old_new_sg_.tga
  artifactKey: Guid(6cdfc5519cad73146a63e3359c328aa8) Importer(815301076,1909f56bfc062723c751e8b465ee728b)
Start importing Assets/Models/Environment/Street_props/Trash/Trash_02_old_new_sg_.tga using Guid(6cdfc5519cad73146a63e3359c328aa8) Importer(815301076,1909f56bfc062723c751e8b465ee728b)  -> (artifact id: '2341d8c888d5e55a9313cc0773fbcb8c') in 0.018492 seconds 
========================================================================
Received Import Request.
  Time since last request: 0.000029 seconds.
  path: Assets/Models/Environment/Street_props/Trash/Trash_01_New_SG.tga
  artifactKey: Guid(6e6b325fea4510543a824f9a1d1b0ba5) Importer(815301076,1909f56bfc062723c751e8b465ee728b)
Start importing Assets/Models/Environment/Street_props/Trash/Trash_01_New_SG.tga using Guid(6e6b325fea4510543a824f9a1d1b0ba5) Importer(815301076,1909f56bfc062723c751e8b465ee728b)  -> (artifact id: 'e316373a66436780b1ee5ec7216d6457') in 0.014660 seconds 
========================================================================
Received Prepare
Registering precompiled user dll's ...
Registered in 0.007138 seconds.
Begin MonoManager ReloadAssembly
Symbol file LoadedFromMemory doesn't match image E:\School\Winter2022\Production 6\Fighting-Game\Library\PackageCache\com.unity.visualscripting@1.7.6\Editor\VisualScripting.Core\Dependencies\YamlDotNet\Unity.VisualScripting.YamlDotNet.dll
Symbol file LoadedFromMemory doesn't match image E:\School\Winter2022\Production 6\Fighting-Game\Library\PackageCache\com.unity.visualscripting@1.7.6\Editor\VisualScripting.Core\Dependencies\DotNetZip\Unity.VisualScripting.IonicZip.dll
Native extension for LinuxStandalone target not found
Native extension for WindowsStandalone target not found
Native extension for WebGL target not found
Refreshing native plugins compatible for Editor in 0.97 ms, found 3 plugins.
Preloading 0 native plugins for Editor in 0.00 ms.
Mono: successfully reloaded assembly
- Completed reload, in  1.332 seconds
Domain Reload Profiling:
	ReloadAssembly (1333ms)
		BeginReloadAssembly (157ms)
			ExecutionOrderSort (0ms)
			DisableScriptedObjects (5ms)
			BackupInstance (0ms)
			ReleaseScriptingObjects (0ms)
			CreateAndSetChildDomain (39ms)
		EndReloadAssembly (1073ms)
			LoadAssemblies (93ms)
			RebuildTransferFunctionScriptingTraits (0ms)
			SetupTypeCache (321ms)
			ReleaseScriptCaches (1ms)
			RebuildScriptCaches (54ms)
			SetupLoadedEditorAssemblies (419ms)
				LogAssemblyErrors (0ms)
				InitializePlatformSupportModulesInManaged (24ms)
				SetLoadedEditorAssemblies (1ms)
				RefreshPlugins (1ms)
				BeforeProcessingInitializeOnLoad (87ms)
				ProcessInitializeOnLoadAttributes (264ms)
				ProcessInitializeOnLoadMethodAttributes (29ms)
				AfterProcessingInitializeOnLoad (13ms)
				EditorAssembliesLoaded (0ms)
			ExecutionOrderSort2 (0ms)
			AwakeInstancesAfterBackupRestoration (29ms)
Platform modules already initialized, skipping
Refreshing native plugins compatible for Editor in 0.82 ms, found 3 plugins.
Preloading 0 native plugins for Editor in 0.00 ms.
Unloading 3240 Unused Serialized files (Serialized files now loaded: 0)
Unloading 21 unused Assets / (79.3 KB). Loaded Objects now: 4100.
Memory consumption went from 235.4 MB to 235.3 MB.
Total: 4.303900 ms (FindLiveObjects: 0.509400 ms CreateObjectMapping: 0.339900 ms MarkObjects: 3.344700 ms  DeleteObjects: 0.108700 ms)

AssetImportParameters requested are different than current active one (requested -> active):
  custom:video-decoder-ogg-theora: a1e56fd34408186e4bbccfd4996cb3dc -> 
  custom:container-muxer-webm: aa71ff27fc2769a1b78a27578f13a17b -> 
  custom:container-demuxer-webm: 4f35f7cbe854078d1ac9338744f61a02 -> 
  custom:video-encoder-webm-vp8: eb34c28f22e8b96e1ab97ce403110664 -> 
  custom:audio-encoder-webm-vorbis: bf7c407c2cedff20999df2af8eb42d56 -> 
  custom:framework-win-MediaFoundation: 216162199b28c13a410421893ffa2e32 -> 
  custom:container-demuxer-ogg: 62fdf1f143b41e24485cea50d1cbac27 -> 
  custom:video-decoder-webm-vp8: 9c59270c3fd7afecdb556c50c9e8de78 -> 
  custom:audio-decoder-ogg-vorbis: bf7c407c2cedff20999df2af8eb42d56 -> 
========================================================================
Received Prepare
Registering precompiled user dll's ...
Registered in 0.007744 seconds.
Begin MonoManager ReloadAssembly
Symbol file LoadedFromMemory doesn't match image E:\School\Winter2022\Production 6\Fighting-Game\Library\PackageCache\com.unity.visualscripting@1.7.6\Editor\VisualScripting.Core\Dependencies\YamlDotNet\Unity.VisualScripting.YamlDotNet.dll
Symbol file LoadedFromMemory doesn't match image E:\School\Winter2022\Production 6\Fighting-Game\Library\PackageCache\com.unity.visualscripting@1.7.6\Editor\VisualScripting.Core\Dependencies\DotNetZip\Unity.VisualScripting.IonicZip.dll
Native extension for LinuxStandalone target not found
Native extension for WindowsStandalone target not found
Native extension for WebGL target not found
Refreshing native plugins compatible for Editor in 0.56 ms, found 3 plugins.
Preloading 0 native plugins for Editor in 0.00 ms.
Mono: successfully reloaded assembly
- Completed reload, in  1.303 seconds
Domain Reload Profiling:
	ReloadAssembly (1304ms)
		BeginReloadAssembly (160ms)
			ExecutionOrderSort (0ms)
			DisableScriptedObjects (10ms)
			BackupInstance (0ms)
			ReleaseScriptingObjects (0ms)
			CreateAndSetChildDomain (36ms)
		EndReloadAssembly (1012ms)
			LoadAssemblies (93ms)
			RebuildTransferFunctionScriptingTraits (0ms)
			SetupTypeCache (345ms)
			ReleaseScriptCaches (1ms)
			RebuildScriptCaches (54ms)
			SetupLoadedEditorAssemblies (442ms)
				LogAssemblyErrors (0ms)
				InitializePlatformSupportModulesInManaged (23ms)
				SetLoadedEditorAssemblies (1ms)
				RefreshPlugins (1ms)
				BeforeProcessingInitializeOnLoad (95ms)
				ProcessInitializeOnLoadAttributes (278ms)
				ProcessInitializeOnLoadMethodAttributes (31ms)
				AfterProcessingInitializeOnLoad (14ms)
				EditorAssembliesLoaded (0ms)
			ExecutionOrderSort2 (0ms)
			AwakeInstancesAfterBackupRestoration (28ms)
Platform modules already initialized, skipping
Refreshing native plugins compatible for Editor in 1.25 ms, found 3 plugins.
Preloading 0 native plugins for Editor in 0.00 ms.
Unloading 3215 Unused Serialized files (Serialized files now loaded: 0)
Unloading 21 unused Assets / (79.3 KB). Loaded Objects now: 4102.
Memory consumption went from 234.6 MB to 234.6 MB.
Total: 6.174700 ms (FindLiveObjects: 1.164300 ms CreateObjectMapping: 0.406200 ms MarkObjects: 4.505200 ms  DeleteObjects: 0.097100 ms)

AssetImportParameters requested are different than current active one (requested -> active):
  custom:video-decoder-ogg-theora: a1e56fd34408186e4bbccfd4996cb3dc -> 
  custom:container-muxer-webm: aa71ff27fc2769a1b78a27578f13a17b -> 
  custom:container-demuxer-webm: 4f35f7cbe854078d1ac9338744f61a02 -> 
  custom:video-encoder-webm-vp8: eb34c28f22e8b96e1ab97ce403110664 -> 
  custom:audio-encoder-webm-vorbis: bf7c407c2cedff20999df2af8eb42d56 -> 
  custom:framework-win-MediaFoundation: 216162199b28c13a410421893ffa2e32 -> 
  custom:container-demuxer-ogg: 62fdf1f143b41e24485cea50d1cbac27 -> 
  custom:video-decoder-webm-vp8: 9c59270c3fd7afecdb556c50c9e8de78 -> 
  custom:audio-decoder-ogg-vorbis: bf7c407c2cedff20999df2af8eb42d56 -> 
========================================================================
Received Import Request.
  Time since last request: 881.886508 seconds.
  path: Assets/[Scripts]/PlayerAnimStateBehaviour.cs
  artifactKey: Guid(699b9ce19d5549d4e8595be8af2f2a10) Importer(815301076,1909f56bfc062723c751e8b465ee728b)
Start importing Assets/[Scripts]/PlayerAnimStateBehaviour.cs using Guid(699b9ce19d5549d4e8595be8af2f2a10) Importer(815301076,1909f56bfc062723c751e8b465ee728b)  -> (artifact id: '99c2212c09078aa277e6eb715da4c4b1') in 0.054057 seconds 
========================================================================
Received Prepare
Registering precompiled user dll's ...
Registered in 0.006701 seconds.
Begin MonoManager ReloadAssembly
Symbol file LoadedFromMemory doesn't match image E:\School\Winter2022\Production 6\Fighting-Game\Library\PackageCache\com.unity.visualscripting@1.7.6\Editor\VisualScripting.Core\Dependencies\YamlDotNet\Unity.VisualScripting.YamlDotNet.dll
Symbol file LoadedFromMemory doesn't match image E:\School\Winter2022\Production 6\Fighting-Game\Library\PackageCache\com.unity.visualscripting@1.7.6\Editor\VisualScripting.Core\Dependencies\DotNetZip\Unity.VisualScripting.IonicZip.dll
Native extension for LinuxStandalone target not found
Native extension for WindowsStandalone target not found
Native extension for WebGL target not found
Refreshing native plugins compatible for Editor in 0.57 ms, found 3 plugins.
Preloading 0 native plugins for Editor in 0.00 ms.
Mono: successfully reloaded assembly
- Completed reload, in  1.199 seconds
Domain Reload Profiling:
	ReloadAssembly (1200ms)
		BeginReloadAssembly (154ms)
			ExecutionOrderSort (0ms)
			DisableScriptedObjects (9ms)
			BackupInstance (0ms)
			ReleaseScriptingObjects (0ms)
			CreateAndSetChildDomain (34ms)
		EndReloadAssembly (939ms)
			LoadAssemblies (100ms)
			RebuildTransferFunctionScriptingTraits (0ms)
			SetupTypeCache (307ms)
			ReleaseScriptCaches (1ms)
			RebuildScriptCaches (49ms)
			SetupLoadedEditorAssemblies (420ms)
				LogAssemblyErrors (0ms)
				InitializePlatformSupportModulesInManaged (21ms)
				SetLoadedEditorAssemblies (1ms)
				RefreshPlugins (1ms)
				BeforeProcessingInitializeOnLoad (83ms)
				ProcessInitializeOnLoadAttributes (266ms)
				ProcessInitializeOnLoadMethodAttributes (34ms)
				AfterProcessingInitializeOnLoad (14ms)
				EditorAssembliesLoaded (0ms)
			ExecutionOrderSort2 (0ms)
			AwakeInstancesAfterBackupRestoration (22ms)
Platform modules already initialized, skipping
Refreshing native plugins compatible for Editor in 0.97 ms, found 3 plugins.
Preloading 0 native plugins for Editor in 0.00 ms.
Unloading 3215 Unused Serialized files (Serialized files now loaded: 0)
Unloading 21 unused Assets / (79.3 KB). Loaded Objects now: 4104.
Memory consumption went from 234.6 MB to 234.6 MB.
Total: 4.284900 ms (FindLiveObjects: 0.412900 ms CreateObjectMapping: 0.276500 ms MarkObjects: 3.447700 ms  DeleteObjects: 0.146400 ms)

AssetImportParameters requested are different than current active one (requested -> active):
  custom:video-decoder-ogg-theora: a1e56fd34408186e4bbccfd4996cb3dc -> 
  custom:container-muxer-webm: aa71ff27fc2769a1b78a27578f13a17b -> 
  custom:container-demuxer-webm: 4f35f7cbe854078d1ac9338744f61a02 -> 
  custom:video-encoder-webm-vp8: eb34c28f22e8b96e1ab97ce403110664 -> 
  custom:audio-encoder-webm-vorbis: bf7c407c2cedff20999df2af8eb42d56 -> 
  custom:framework-win-MediaFoundation: 216162199b28c13a410421893ffa2e32 -> 
  custom:container-demuxer-ogg: 62fdf1f143b41e24485cea50d1cbac27 -> 
  custom:video-decoder-webm-vp8: 9c59270c3fd7afecdb556c50c9e8de78 -> 
  custom:audio-decoder-ogg-vorbis: bf7c407c2cedff20999df2af8eb42d56 -> 
========================================================================
Received Import Request.
  Time since last request: 858.584456 seconds.
  path: Assets/Animations/Player/PlayerAnimController.controller
  artifactKey: Guid(afd3b80be5b4575419fa1f1da69277c9) Importer(815301076,1909f56bfc062723c751e8b465ee728b)
Start importing Assets/Animations/Player/PlayerAnimController.controller using Guid(afd3b80be5b4575419fa1f1da69277c9) Importer(815301076,1909f56bfc062723c751e8b465ee728b)  -> (artifact id: '853b22966816c2cb5dd2ee7a2ec91031') in 0.089465 seconds 
========================================================================
Received Import Request.
  Time since last request: 22.763728 seconds.
  path: Assets/Animations/Player/PlayerAnimController.controller
  artifactKey: Guid(afd3b80be5b4575419fa1f1da69277c9) Importer(815301076,1909f56bfc062723c751e8b465ee728b)
Start importing Assets/Animations/Player/PlayerAnimController.controller using Guid(afd3b80be5b4575419fa1f1da69277c9) Importer(815301076,1909f56bfc062723c751e8b465ee728b)  -> (artifact id: '0df5a7f47f9137d43c6a6a4959323108') in 0.070002 seconds 
========================================================================
Received Prepare
Registering precompiled user dll's ...
Registered in 0.005961 seconds.
Begin MonoManager ReloadAssembly
Symbol file LoadedFromMemory doesn't match image E:\School\Winter2022\Production 6\Fighting-Game\Library\PackageCache\com.unity.visualscripting@1.7.6\Editor\VisualScripting.Core\Dependencies\YamlDotNet\Unity.VisualScripting.YamlDotNet.dll
Symbol file LoadedFromMemory doesn't match image E:\School\Winter2022\Production 6\Fighting-Game\Library\PackageCache\com.unity.visualscripting@1.7.6\Editor\VisualScripting.Core\Dependencies\DotNetZip\Unity.VisualScripting.IonicZip.dll
Native extension for LinuxStandalone target not found
Native extension for WindowsStandalone target not found
Native extension for WebGL target not found
Refreshing native plugins compatible for Editor in 1.01 ms, found 3 plugins.
Preloading 0 native plugins for Editor in 0.00 ms.
Mono: successfully reloaded assembly
- Completed reload, in  1.302 seconds
Domain Reload Profiling:
	ReloadAssembly (1303ms)
		BeginReloadAssembly (141ms)
			ExecutionOrderSort (0ms)
			DisableScriptedObjects (9ms)
			BackupInstance (0ms)
			ReleaseScriptingObjects (0ms)
			CreateAndSetChildDomain (36ms)
		EndReloadAssembly (1045ms)
			LoadAssemblies (96ms)
			RebuildTransferFunctionScriptingTraits (0ms)
			SetupTypeCache (355ms)
			ReleaseScriptCaches (1ms)
			RebuildScriptCaches (62ms)
			SetupLoadedEditorAssemblies (434ms)
				LogAssemblyErrors (0ms)
				InitializePlatformSupportModulesInManaged (25ms)
				SetLoadedEditorAssemblies (1ms)
				RefreshPlugins (1ms)
				BeforeProcessingInitializeOnLoad (90ms)
				ProcessInitializeOnLoadAttributes (274ms)
				ProcessInitializeOnLoadMethodAttributes (29ms)
				AfterProcessingInitializeOnLoad (14ms)
				EditorAssembliesLoaded (0ms)
			ExecutionOrderSort2 (0ms)
			AwakeInstancesAfterBackupRestoration (29ms)
Platform modules already initialized, skipping
Refreshing native plugins compatible for Editor in 1.45 ms, found 3 plugins.
Preloading 0 native plugins for Editor in 0.00 ms.
Unloading 3215 Unused Serialized files (Serialized files now loaded: 0)
Unloading 21 unused Assets / (79.2 KB). Loaded Objects now: 4106.
Memory consumption went from 234.7 MB to 234.6 MB.
Total: 2.947200 ms (FindLiveObjects: 0.300400 ms CreateObjectMapping: 0.222300 ms MarkObjects: 2.332700 ms  DeleteObjects: 0.090400 ms)

AssetImportParameters requested are different than current active one (requested -> active):
  custom:video-decoder-ogg-theora: a1e56fd34408186e4bbccfd4996cb3dc -> 
  custom:container-muxer-webm: aa71ff27fc2769a1b78a27578f13a17b -> 
  custom:container-demuxer-webm: 4f35f7cbe854078d1ac9338744f61a02 -> 
  custom:video-encoder-webm-vp8: eb34c28f22e8b96e1ab97ce403110664 -> 
  custom:audio-encoder-webm-vorbis: bf7c407c2cedff20999df2af8eb42d56 -> 
  custom:framework-win-MediaFoundation: 216162199b28c13a410421893ffa2e32 -> 
  custom:container-demuxer-ogg: 62fdf1f143b41e24485cea50d1cbac27 -> 
  custom:video-decoder-webm-vp8: 9c59270c3fd7afecdb556c50c9e8de78 -> 
  custom:audio-decoder-ogg-vorbis: bf7c407c2cedff20999df2af8eb42d56 -> 
========================================================================
Received Prepare
Registering precompiled user dll's ...
Registered in 0.006015 seconds.
Begin MonoManager ReloadAssembly
Symbol file LoadedFromMemory doesn't match image E:\School\Winter2022\Production 6\Fighting-Game\Library\PackageCache\com.unity.visualscripting@1.7.6\Editor\VisualScripting.Core\Dependencies\YamlDotNet\Unity.VisualScripting.YamlDotNet.dll
Symbol file LoadedFromMemory doesn't match image E:\School\Winter2022\Production 6\Fighting-Game\Library\PackageCache\com.unity.visualscripting@1.7.6\Editor\VisualScripting.Core\Dependencies\DotNetZip\Unity.VisualScripting.IonicZip.dll
Native extension for LinuxStandalone target not found
Native extension for WindowsStandalone target not found
Native extension for WebGL target not found
Refreshing native plugins compatible for Editor in 0.62 ms, found 3 plugins.
Preloading 0 native plugins for Editor in 0.00 ms.
Mono: successfully reloaded assembly
- Completed reload, in  1.336 seconds
Domain Reload Profiling:
	ReloadAssembly (1337ms)
		BeginReloadAssembly (167ms)
			ExecutionOrderSort (0ms)
			DisableScriptedObjects (9ms)
			BackupInstance (0ms)
			ReleaseScriptingObjects (0ms)
			CreateAndSetChildDomain (34ms)
		EndReloadAssembly (1057ms)
			LoadAssemblies (106ms)
			RebuildTransferFunctionScriptingTraits (0ms)
			SetupTypeCache (344ms)
			ReleaseScriptCaches (1ms)
			RebuildScriptCaches (59ms)
			SetupLoadedEditorAssemblies (480ms)
				LogAssemblyErrors (0ms)
				InitializePlatformSupportModulesInManaged (23ms)
				SetLoadedEditorAssemblies (1ms)
				RefreshPlugins (1ms)
				BeforeProcessingInitializeOnLoad (103ms)
				ProcessInitializeOnLoadAttributes (310ms)
				ProcessInitializeOnLoadMethodAttributes (29ms)
				AfterProcessingInitializeOnLoad (14ms)
				EditorAssembliesLoaded (0ms)
			ExecutionOrderSort2 (0ms)
			AwakeInstancesAfterBackupRestoration (25ms)
Platform modules already initialized, skipping
Refreshing native plugins compatible for Editor in 0.66 ms, found 3 plugins.
Preloading 0 native plugins for Editor in 0.00 ms.
Unloading 3215 Unused Serialized files (Serialized files now loaded: 0)
Unloading 21 unused Assets / (79.2 KB). Loaded Objects now: 4108.
Memory consumption went from 234.7 MB to 234.6 MB.
Total: 4.560000 ms (FindLiveObjects: 0.510200 ms CreateObjectMapping: 0.333400 ms MarkObjects: 3.583300 ms  DeleteObjects: 0.131000 ms)

AssetImportParameters requested are different than current active one (requested -> active):
  custom:video-decoder-ogg-theora: a1e56fd34408186e4bbccfd4996cb3dc -> 
  custom:container-muxer-webm: aa71ff27fc2769a1b78a27578f13a17b -> 
  custom:container-demuxer-webm: 4f35f7cbe854078d1ac9338744f61a02 -> 
  custom:video-encoder-webm-vp8: eb34c28f22e8b96e1ab97ce403110664 -> 
  custom:audio-encoder-webm-vorbis: bf7c407c2cedff20999df2af8eb42d56 -> 
  custom:framework-win-MediaFoundation: 216162199b28c13a410421893ffa2e32 -> 
  custom:container-demuxer-ogg: 62fdf1f143b41e24485cea50d1cbac27 -> 
  custom:video-decoder-webm-vp8: 9c59270c3fd7afecdb556c50c9e8de78 -> 
  custom:audio-decoder-ogg-vorbis: bf7c407c2cedff20999df2af8eb42d56 -> 
========================================================================
Received Prepare
Registering precompiled user dll's ...
Registered in 0.010724 seconds.
Begin MonoManager ReloadAssembly
Symbol file LoadedFromMemory doesn't match image E:\School\Winter2022\Production 6\Fighting-Game\Library\PackageCache\com.unity.visualscripting@1.7.6\Editor\VisualScripting.Core\Dependencies\YamlDotNet\Unity.VisualScripting.YamlDotNet.dll
Symbol file LoadedFromMemory doesn't match image E:\School\Winter2022\Production 6\Fighting-Game\Library\PackageCache\com.unity.visualscripting@1.7.6\Editor\VisualScripting.Core\Dependencies\DotNetZip\Unity.VisualScripting.IonicZip.dll
Native extension for LinuxStandalone target not found
Native extension for WindowsStandalone target not found
Native extension for WebGL target not found
Refreshing native plugins compatible for Editor in 0.68 ms, found 3 plugins.
Preloading 0 native plugins for Editor in 0.00 ms.
Mono: successfully reloaded assembly
- Completed reload, in  1.522 seconds
Domain Reload Profiling:
	ReloadAssembly (1523ms)
		BeginReloadAssembly (193ms)
			ExecutionOrderSort (0ms)
			DisableScriptedObjects (14ms)
			BackupInstance (0ms)
			ReleaseScriptingObjects (0ms)
			CreateAndSetChildDomain (40ms)
		EndReloadAssembly (1185ms)
			LoadAssemblies (107ms)
			RebuildTransferFunctionScriptingTraits (0ms)
			SetupTypeCache (397ms)
			ReleaseScriptCaches (2ms)
			RebuildScriptCaches (75ms)
			SetupLoadedEditorAssemblies (508ms)
				LogAssemblyErrors (0ms)
				InitializePlatformSupportModulesInManaged (28ms)
				SetLoadedEditorAssemblies (1ms)
				RefreshPlugins (1ms)
				BeforeProcessingInitializeOnLoad (106ms)
				ProcessInitializeOnLoadAttributes (316ms)
				ProcessInitializeOnLoadMethodAttributes (39ms)
				AfterProcessingInitializeOnLoad (16ms)
				EditorAssembliesLoaded (0ms)
			ExecutionOrderSort2 (0ms)
			AwakeInstancesAfterBackupRestoration (33ms)
Platform modules already initialized, skipping
Refreshing native plugins compatible for Editor in 0.74 ms, found 3 plugins.
Preloading 0 native plugins for Editor in 0.00 ms.
Unloading 3215 Unused Serialized files (Serialized files now loaded: 0)
Unloading 21 unused Assets / (79.3 KB). Loaded Objects now: 4110.
Memory consumption went from 234.7 MB to 234.6 MB.
Total: 3.331300 ms (FindLiveObjects: 0.318200 ms CreateObjectMapping: 0.224500 ms MarkObjects: 2.694900 ms  DeleteObjects: 0.092400 ms)

AssetImportParameters requested are different than current active one (requested -> active):
  custom:video-decoder-ogg-theora: a1e56fd34408186e4bbccfd4996cb3dc -> 
  custom:container-muxer-webm: aa71ff27fc2769a1b78a27578f13a17b -> 
  custom:container-demuxer-webm: 4f35f7cbe854078d1ac9338744f61a02 -> 
  custom:video-encoder-webm-vp8: eb34c28f22e8b96e1ab97ce403110664 -> 
  custom:audio-encoder-webm-vorbis: bf7c407c2cedff20999df2af8eb42d56 -> 
  custom:framework-win-MediaFoundation: 216162199b28c13a410421893ffa2e32 -> 
  custom:container-demuxer-ogg: 62fdf1f143b41e24485cea50d1cbac27 -> 
  custom:video-decoder-webm-vp8: 9c59270c3fd7afecdb556c50c9e8de78 -> 
  custom:audio-decoder-ogg-vorbis: bf7c407c2cedff20999df2af8eb42d56 -> 
