Using pre-set license
Built from '2021.2/staging' branch; Version is '2021.2.7f1 (6bd9e232123f) revision 7068130'; Using compiler version '192829333'; Build Type 'Release'
OS: 'Windows 10  (10.0.19043) 64bit Core' Language: 'en' Physical Memory: 16226 MB
BatchMode: 1, IsHumanControllingUs: 0, StartBugReporterOnCrash: 0, Is64bit: 1, IsPro: 0

COMMAND LINE ARGUMENTS:
C:\Program Files\Unity\Editor\2021.2.7f1\Editor\Unity.exe
-adb2
-batchMode
-noUpm
-name
AssetImportWorker1
-projectPath
E:/School/Winter2022/Production 6/Fighting-Game
-logFile
Logs/AssetImportWorker1.log
-srvPort
63393
Successfully changed project path to: E:/School/Winter2022/Production 6/Fighting-Game
E:/School/Winter2022/Production 6/Fighting-Game
[UnityMemory] Configuration Parameters - Can be set up in boot.config
    "memorysetup-bucket-allocator-granularity=16"
    "memorysetup-bucket-allocator-bucket-count=8"
    "memorysetup-bucket-allocator-block-size=33554432"
    "memorysetup-bucket-allocator-block-count=8"
    "memorysetup-main-allocator-block-size=16777216"
    "memorysetup-thread-allocator-block-size=16777216"
    "memorysetup-gfx-main-allocator-block-size=16777216"
    "memorysetup-gfx-thread-allocator-block-size=16777216"
    "memorysetup-cache-allocator-block-size=4194304"
    "memorysetup-typetree-allocator-block-size=2097152"
    "memorysetup-profiler-bucket-allocator-granularity=16"
    "memorysetup-profiler-bucket-allocator-bucket-count=8"
    "memorysetup-profiler-bucket-allocator-block-size=33554432"
    "memorysetup-profiler-bucket-allocator-block-count=8"
    "memorysetup-profiler-allocator-block-size=16777216"
    "memorysetup-profiler-editor-allocator-block-size=1048576"
    "memorysetup-temp-allocator-size-main=16777216"
    "memorysetup-job-temp-allocator-block-size=2097152"
    "memorysetup-job-temp-allocator-block-size-background=1048576"
    "memorysetup-job-temp-allocator-reduction-small-platforms=262144"
    "memorysetup-temp-allocator-size-background-worker=32768"
    "memorysetup-temp-allocator-size-job-worker=262144"
    "memorysetup-temp-allocator-size-preload-manager=33554432"
    "memorysetup-temp-allocator-size-nav-mesh-worker=65536"
    "memorysetup-temp-allocator-size-audio-worker=65536"
    "memorysetup-temp-allocator-size-cloud-worker=32768"
    "memorysetup-temp-allocator-size-gi-baking-worker=262144"
    "memorysetup-temp-allocator-size-gfx=262144"
Refreshing native plugins compatible for Editor in 87.81 ms, found 3 plugins.
Preloading 0 native plugins for Editor in 0.00 ms.
Initialize engine version: 2021.2.7f1 (6bd9e232123f)
[Subsystems] Discovering subsystems at path C:/Program Files/Unity/Editor/2021.2.7f1/Editor/Data/Resources/UnitySubsystems
[Subsystems] Discovering subsystems at path E:/School/Winter2022/Production 6/Fighting-Game/Assets
GfxDevice: creating device client; threaded=0; jobified=0
Direct3D:
    Version:  Direct3D 11.0 [level 11.1]
    Renderer: NVIDIA GeForce GTX 1050 (ID=0x1c8d)
    Vendor:   NVIDIA
    VRAM:     4019 MB
    Driver:   30.0.14.7239
Initialize mono
Mono path[0] = 'C:/Program Files/Unity/Editor/2021.2.7f1/Editor/Data/Managed'
Mono path[1] = 'C:/Program Files/Unity/Editor/2021.2.7f1/Editor/Data/MonoBleedingEdge/lib/mono/unityjit-win32'
Mono config path = 'C:/Program Files/Unity/Editor/2021.2.7f1/Editor/Data/MonoBleedingEdge/etc'
Using monoOptions --debugger-agent=transport=dt_socket,embedding=1,server=y,suspend=n,address=127.0.0.1:56788
Begin MonoManager ReloadAssembly
Registering precompiled unity dll's ...
Register platform support module: C:/Program Files/Unity/Editor/2021.2.7f1/Editor/Data/PlaybackEngines/WebGLSupport/UnityEditor.WebGL.Extensions.dll
Register platform support module: C:/Program Files/Unity/Editor/2021.2.7f1/Editor/Data/PlaybackEngines/WindowsStandaloneSupport/UnityEditor.WindowsStandalone.Extensions.dll
Register platform support module: C:/Program Files/Unity/Editor/2021.2.7f1/Editor/Data/PlaybackEngines/LinuxStandaloneSupport/UnityEditor.LinuxStandalone.Extensions.dll
Registered in 0.011036 seconds.
Native extension for LinuxStandalone target not found
Native extension for WindowsStandalone target not found
Native extension for WebGL target not found
Refreshing native plugins compatible for Editor in 88.25 ms, found 3 plugins.
Preloading 0 native plugins for Editor in 0.00 ms.
Mono: successfully reloaded assembly
- Completed reload, in  0.716 seconds
Domain Reload Profiling:
	ReloadAssembly (717ms)
		BeginReloadAssembly (80ms)
			ExecutionOrderSort (0ms)
			DisableScriptedObjects (0ms)
			BackupInstance (0ms)
			ReleaseScriptingObjects (0ms)
			CreateAndSetChildDomain (1ms)
		EndReloadAssembly (544ms)
			LoadAssemblies (76ms)
			RebuildTransferFunctionScriptingTraits (0ms)
			SetupTypeCache (130ms)
			ReleaseScriptCaches (0ms)
			RebuildScriptCaches (29ms)
			SetupLoadedEditorAssemblies (330ms)
				LogAssemblyErrors (0ms)
				InitializePlatformSupportModulesInManaged (20ms)
				SetLoadedEditorAssemblies (1ms)
				RefreshPlugins (88ms)
				BeforeProcessingInitializeOnLoad (1ms)
				ProcessInitializeOnLoadAttributes (172ms)
				ProcessInitializeOnLoadMethodAttributes (47ms)
				AfterProcessingInitializeOnLoad (0ms)
				EditorAssembliesLoaded (0ms)
			ExecutionOrderSort2 (0ms)
			AwakeInstancesAfterBackupRestoration (0ms)
Platform modules already initialized, skipping
Registering precompiled user dll's ...
Registered in 0.006215 seconds.
Begin MonoManager ReloadAssembly
Symbol file LoadedFromMemory doesn't match image E:\School\Winter2022\Production 6\Fighting-Game\Library\PackageCache\com.unity.visualscripting@1.7.6\Editor\VisualScripting.Core\Dependencies\YamlDotNet\Unity.VisualScripting.YamlDotNet.dll
Symbol file LoadedFromMemory doesn't match image E:\School\Winter2022\Production 6\Fighting-Game\Library\PackageCache\com.unity.visualscripting@1.7.6\Editor\VisualScripting.Core\Dependencies\DotNetZip\Unity.VisualScripting.IonicZip.dll
Native extension for LinuxStandalone target not found
Native extension for WindowsStandalone target not found
Native extension for WebGL target not found
Refreshing native plugins compatible for Editor in 0.60 ms, found 3 plugins.
Preloading 0 native plugins for Editor in 0.00 ms.
Mono: successfully reloaded assembly
- Completed reload, in  1.025 seconds
Domain Reload Profiling:
	ReloadAssembly (1026ms)
		BeginReloadAssembly (116ms)
			ExecutionOrderSort (0ms)
			DisableScriptedObjects (5ms)
			BackupInstance (0ms)
			ReleaseScriptingObjects (0ms)
			CreateAndSetChildDomain (19ms)
		EndReloadAssembly (792ms)
			LoadAssemblies (82ms)
			RebuildTransferFunctionScriptingTraits (0ms)
			SetupTypeCache (263ms)
			ReleaseScriptCaches (1ms)
			RebuildScriptCaches (47ms)
			SetupLoadedEditorAssemblies (363ms)
				LogAssemblyErrors (0ms)
				InitializePlatformSupportModulesInManaged (17ms)
				SetLoadedEditorAssemblies (0ms)
				RefreshPlugins (1ms)
				BeforeProcessingInitializeOnLoad (86ms)
				ProcessInitializeOnLoadAttributes (224ms)
				ProcessInitializeOnLoadMethodAttributes (21ms)
				AfterProcessingInitializeOnLoad (14ms)
				EditorAssembliesLoaded (0ms)
			ExecutionOrderSort2 (0ms)
			AwakeInstancesAfterBackupRestoration (12ms)
Platform modules already initialized, skipping
========================================================================
Worker process is ready to serve import requests
Launched and connected shader compiler UnityShaderCompiler.exe after 0.07 seconds
Refreshing native plugins compatible for Editor in 0.79 ms, found 3 plugins.
Preloading 0 native plugins for Editor in 0.00 ms.
Unloading 3220 Unused Serialized files (Serialized files now loaded: 0)
Unloading 26 unused Assets / (112.6 KB). Loaded Objects now: 3676.
Memory consumption went from 112.1 MB to 112.0 MB.
Total: 3.010800 ms (FindLiveObjects: 0.277200 ms CreateObjectMapping: 0.224400 ms MarkObjects: 2.371100 ms  DeleteObjects: 0.137000 ms)

AssetImportParameters requested are different than current active one (requested -> active):
  custom:video-decoder-ogg-theora: a1e56fd34408186e4bbccfd4996cb3dc -> 
  custom:container-muxer-webm: aa71ff27fc2769a1b78a27578f13a17b -> 
  custom:container-demuxer-webm: 4f35f7cbe854078d1ac9338744f61a02 -> 
  custom:video-encoder-webm-vp8: eb34c28f22e8b96e1ab97ce403110664 -> 
  custom:audio-encoder-webm-vorbis: bf7c407c2cedff20999df2af8eb42d56 -> 
  custom:framework-win-MediaFoundation: 216162199b28c13a410421893ffa2e32 -> 
  custom:container-demuxer-ogg: 62fdf1f143b41e24485cea50d1cbac27 -> 
  custom:video-decoder-webm-vp8: 9c59270c3fd7afecdb556c50c9e8de78 -> 
  custom:audio-decoder-ogg-vorbis: bf7c407c2cedff20999df2af8eb42d56 -> 
========================================================================
Received Import Request.
  Time since last request: 5628.333345 seconds.
  path: Assets/Models/Environment
  artifactKey: Guid(5ca9ec45f1f4b504f8279c75c7db28b8) Importer(815301076,1909f56bfc062723c751e8b465ee728b)
Start importing Assets/Models/Environment using Guid(5ca9ec45f1f4b504f8279c75c7db28b8) Importer(815301076,1909f56bfc062723c751e8b465ee728b)  -> (artifact id: 'ff28296a89124734f7a185631cd37144') in 0.010299 seconds 
========================================================================
Received Import Request.
  Time since last request: 18.498706 seconds.
  path: Assets/Models/Environment/Street_props/Bench/Bench_01_N.tga
  artifactKey: Guid(8f123e409b1bbd74183b7c5c8b8141e6) Importer(815301076,1909f56bfc062723c751e8b465ee728b)
Start importing Assets/Models/Environment/Street_props/Bench/Bench_01_N.tga using Guid(8f123e409b1bbd74183b7c5c8b8141e6) Importer(815301076,1909f56bfc062723c751e8b465ee728b)  -> (artifact id: '5cbd7acc38a8d3aed96aceff3d130855') in 0.171614 seconds 
========================================================================
Received Import Request.
  Time since last request: 0.000021 seconds.
  path: Assets/Models/Environment/Street_props/Bench/Bench_01_Old.mat
  artifactKey: Guid(fb1d156e98d698d44b75cee6368ac68c) Importer(815301076,1909f56bfc062723c751e8b465ee728b)
Start importing Assets/Models/Environment/Street_props/Bench/Bench_01_Old.mat using Guid(fb1d156e98d698d44b75cee6368ac68c) Importer(815301076,1909f56bfc062723c751e8b465ee728b)  -> (artifact id: '047710c5efd90433e85285cdcda21577') in 0.749964 seconds 
========================================================================
Received Import Request.
  Time since last request: 0.000027 seconds.
  path: Assets/Models/Environment/Street_props/Bench/Bench_02_001.obj
  artifactKey: Guid(d5687245e93d81b43995dc848041aafa) Importer(815301076,1909f56bfc062723c751e8b465ee728b)
Start importing Assets/Models/Environment/Street_props/Bench/Bench_02_001.obj using Guid(d5687245e93d81b43995dc848041aafa) Importer(815301076,1909f56bfc062723c751e8b465ee728b)  -> (artifact id: '1337928205e9f3e497480c8748fb9d79') in 0.060975 seconds 
========================================================================
Received Import Request.
  Time since last request: 0.000023 seconds.
  path: Assets/Models/Environment/Street_props/Bench/Bench_02_Old.mat
  artifactKey: Guid(744808c89c398a742a4e18f9c886e64e) Importer(815301076,1909f56bfc062723c751e8b465ee728b)
Start importing Assets/Models/Environment/Street_props/Bench/Bench_02_Old.mat using Guid(744808c89c398a742a4e18f9c886e64e) Importer(815301076,1909f56bfc062723c751e8b465ee728b)  -> (artifact id: 'a9610c57910977b5eb4f831977c75268') in 0.024777 seconds 
========================================================================
Received Import Request.
  Time since last request: 0.000025 seconds.
  path: Assets/Models/Environment/Street_props/Bench/Bench_02_old_d.tga
  artifactKey: Guid(3e86bceb6c7a82e439198535432cf2bb) Importer(815301076,1909f56bfc062723c751e8b465ee728b)
Start importing Assets/Models/Environment/Street_props/Bench/Bench_02_old_d.tga using Guid(3e86bceb6c7a82e439198535432cf2bb) Importer(815301076,1909f56bfc062723c751e8b465ee728b)  -> (artifact id: '592400e51a5bf4ead8e5adf9e6119722') in 0.015776 seconds 
========================================================================
Received Import Request.
  Time since last request: 0.000020 seconds.
  path: Assets/Models/Environment/Street_props/Bench/Bench_01_Old_D.tga
  artifactKey: Guid(160adfb8b9dbfdb40a8ac75c7e46e484) Importer(815301076,1909f56bfc062723c751e8b465ee728b)
Start importing Assets/Models/Environment/Street_props/Bench/Bench_01_Old_D.tga using Guid(160adfb8b9dbfdb40a8ac75c7e46e484) Importer(815301076,1909f56bfc062723c751e8b465ee728b)  -> (artifact id: '533bc42cceac5e32c238509a6a13de74') in 0.013222 seconds 
========================================================================
Received Import Request.
  Time since last request: 0.000017 seconds.
  path: Assets/Models/Environment/Street_props/Bench/Bench_01_New_Prefab.prefab
  artifactKey: Guid(8d4fe3f7d1efff343815bd6ad1823ff2) Importer(815301076,1909f56bfc062723c751e8b465ee728b)
Start importing Assets/Models/Environment/Street_props/Bench/Bench_01_New_Prefab.prefab using Guid(8d4fe3f7d1efff343815bd6ad1823ff2) Importer(815301076,1909f56bfc062723c751e8b465ee728b)  -> (artifact id: '3b3867c88679ef2ed884bd3399f478fd') in 0.023716 seconds 
========================================================================
Received Import Request.
  Time since last request: 18.224349 seconds.
  path: Assets/Models/Environment/Street_props/Bench/Bench_01_New_Prefab.prefab
  artifactKey: Guid(8d4fe3f7d1efff343815bd6ad1823ff2) Importer(815301076,1909f56bfc062723c751e8b465ee728b)
Start importing Assets/Models/Environment/Street_props/Bench/Bench_01_New_Prefab.prefab using Guid(8d4fe3f7d1efff343815bd6ad1823ff2) Importer(815301076,1909f56bfc062723c751e8b465ee728b)  -> (artifact id: 'fa30a0fb8d3f7936fc5116c74ac6265a') in 0.021901 seconds 
========================================================================
Received Import Request.
  Time since last request: 22.442611 seconds.
  path: Assets/Models/Environment/Street_props/Bench/Bench_01_New_Prefab.prefab
  artifactKey: Guid(8d4fe3f7d1efff343815bd6ad1823ff2) Importer(815301076,1909f56bfc062723c751e8b465ee728b)
Start importing Assets/Models/Environment/Street_props/Bench/Bench_01_New_Prefab.prefab using Guid(8d4fe3f7d1efff343815bd6ad1823ff2) Importer(815301076,1909f56bfc062723c751e8b465ee728b)  -> (artifact id: 'a57965aa771a71971cb782fdc157cfcc') in 0.022201 seconds 
========================================================================
Received Import Request.
  Time since last request: 0.000064 seconds.
  path: Assets/Models/Environment/Street_props/Bench/Bench_01_OldPrefab.prefab
  artifactKey: Guid(a814136d8a6b3e845962a5cb82107688) Importer(815301076,1909f56bfc062723c751e8b465ee728b)
Start importing Assets/Models/Environment/Street_props/Bench/Bench_01_OldPrefab.prefab using Guid(a814136d8a6b3e845962a5cb82107688) Importer(815301076,1909f56bfc062723c751e8b465ee728b)  -> (artifact id: 'ab92b36e5cbb560dcf21e75eaeb74a46') in 0.018065 seconds 
========================================================================
Received Import Request.
  Time since last request: 9.106937 seconds.
  path: Assets/Models/Environment/Street_props/Bench/Bench_01_New_Prefab.prefab
  artifactKey: Guid(8d4fe3f7d1efff343815bd6ad1823ff2) Importer(815301076,1909f56bfc062723c751e8b465ee728b)
Start importing Assets/Models/Environment/Street_props/Bench/Bench_01_New_Prefab.prefab using Guid(8d4fe3f7d1efff343815bd6ad1823ff2) Importer(815301076,1909f56bfc062723c751e8b465ee728b)  -> (artifact id: '53ce0a7ddd8c7e93e23ab29266b7e48f') in 0.018337 seconds 
========================================================================
Received Import Request.
  Time since last request: 0.000021 seconds.
  path: Assets/Models/Environment/Street_props/Bench/Bench_01_OldPrefab.prefab
  artifactKey: Guid(a814136d8a6b3e845962a5cb82107688) Importer(815301076,1909f56bfc062723c751e8b465ee728b)
Start importing Assets/Models/Environment/Street_props/Bench/Bench_01_OldPrefab.prefab using Guid(a814136d8a6b3e845962a5cb82107688) Importer(815301076,1909f56bfc062723c751e8b465ee728b)  -> (artifact id: '6160025a751b4eccace2427605aa68e4') in 0.018566 seconds 
========================================================================
Received Import Request.
  Time since last request: 28.946239 seconds.
  path: Assets/Models/Environment/Street_props/Bench/Bench_01_New_Prefab.prefab
  artifactKey: Guid(8d4fe3f7d1efff343815bd6ad1823ff2) Importer(815301076,1909f56bfc062723c751e8b465ee728b)
Start importing Assets/Models/Environment/Street_props/Bench/Bench_01_New_Prefab.prefab using Guid(8d4fe3f7d1efff343815bd6ad1823ff2) Importer(815301076,1909f56bfc062723c751e8b465ee728b)  -> (artifact id: '52bbeeb5e4ad130fca6bd758c1c8420c') in 0.019045 seconds 
========================================================================
Received Import Request.
  Time since last request: 0.000020 seconds.
  path: Assets/Models/Environment/Street_props/Bench/Bench_01_OldPrefab.prefab
  artifactKey: Guid(a814136d8a6b3e845962a5cb82107688) Importer(815301076,1909f56bfc062723c751e8b465ee728b)
Start importing Assets/Models/Environment/Street_props/Bench/Bench_01_OldPrefab.prefab using Guid(a814136d8a6b3e845962a5cb82107688) Importer(815301076,1909f56bfc062723c751e8b465ee728b)  -> (artifact id: 'e66240e05b34d72c897dd556fa8b4275') in 0.017337 seconds 
========================================================================
Received Import Request.
  Time since last request: 4.518893 seconds.
  path: Assets/Models/Environment/Street_props/Bench/Bench_01_New_Prefab.prefab
  artifactKey: Guid(8d4fe3f7d1efff343815bd6ad1823ff2) Importer(815301076,1909f56bfc062723c751e8b465ee728b)
Start importing Assets/Models/Environment/Street_props/Bench/Bench_01_New_Prefab.prefab using Guid(8d4fe3f7d1efff343815bd6ad1823ff2) Importer(815301076,1909f56bfc062723c751e8b465ee728b)  -> (artifact id: '1727412602f8564fed699e65ebf391a3') in 0.016400 seconds 
========================================================================
Received Import Request.
  Time since last request: 0.000019 seconds.
  path: Assets/Models/Environment/Street_props/Bench/Bench_01_OldPrefab.prefab
  artifactKey: Guid(a814136d8a6b3e845962a5cb82107688) Importer(815301076,1909f56bfc062723c751e8b465ee728b)
Start importing Assets/Models/Environment/Street_props/Bench/Bench_01_OldPrefab.prefab using Guid(a814136d8a6b3e845962a5cb82107688) Importer(815301076,1909f56bfc062723c751e8b465ee728b)  -> (artifact id: 'de6bcfa65823ef26d16075a6db4ba9a7') in 0.016388 seconds 
========================================================================
Received Import Request.
  Time since last request: 31.667072 seconds.
  path: Assets/Models/Environment/Street_props/Hydrant/Hydrant_01_N.tga
  artifactKey: Guid(223f6b121b8f5d049b3d81f14f3749db) Importer(815301076,1909f56bfc062723c751e8b465ee728b)
Start importing Assets/Models/Environment/Street_props/Hydrant/Hydrant_01_N.tga using Guid(223f6b121b8f5d049b3d81f14f3749db) Importer(815301076,1909f56bfc062723c751e8b465ee728b)  -> (artifact id: 'eab60a6f33fccc63adb7b7054f8e1dac') in 0.014815 seconds 
========================================================================
Received Import Request.
  Time since last request: 0.000021 seconds.
  path: Assets/Models/Environment/Street_props/Hydrant/Hydrant_01_New.mat
  artifactKey: Guid(3d8e34aa3df91b14db092b0d263a7edb) Importer(815301076,1909f56bfc062723c751e8b465ee728b)
Start importing Assets/Models/Environment/Street_props/Hydrant/Hydrant_01_New.mat using Guid(3d8e34aa3df91b14db092b0d263a7edb) Importer(815301076,1909f56bfc062723c751e8b465ee728b)  -> (artifact id: 'f3d541350a239924ab5829018b5cd687') in 0.018740 seconds 
========================================================================
Received Import Request.
  Time since last request: 0.000019 seconds.
  path: Assets/Models/Environment/Street_props/Hydrant/Hydrant_02_New.mat
  artifactKey: Guid(fb172f8fb0d9e084fadbd672614ee096) Importer(815301076,1909f56bfc062723c751e8b465ee728b)
Start importing Assets/Models/Environment/Street_props/Hydrant/Hydrant_02_New.mat using Guid(fb172f8fb0d9e084fadbd672614ee096) Importer(815301076,1909f56bfc062723c751e8b465ee728b)  -> (artifact id: 'a4fccc8e123256fa58693e45a8dc5fb0') in 0.019179 seconds 
========================================================================
Received Import Request.
  Time since last request: 0.000015 seconds.
  path: Assets/Models/Environment/Street_props/Hydrant/Hydrant_01_New_SG.tga
  artifactKey: Guid(5eeedb291b9682147936a850d9250362) Importer(815301076,1909f56bfc062723c751e8b465ee728b)
Start importing Assets/Models/Environment/Street_props/Hydrant/Hydrant_01_New_SG.tga using Guid(5eeedb291b9682147936a850d9250362) Importer(815301076,1909f56bfc062723c751e8b465ee728b)  -> (artifact id: '31b5a1173d894c35a5f9f8ff18675188') in 0.012498 seconds 
========================================================================
Received Import Request.
  Time since last request: 0.000020 seconds.
  path: Assets/Models/Environment/Street_props/Hydrant/Hyrdrant_01_Old_D.tga
  artifactKey: Guid(43f3bf8e72eb2004f8424bd117053dda) Importer(815301076,1909f56bfc062723c751e8b465ee728b)
Start importing Assets/Models/Environment/Street_props/Hydrant/Hyrdrant_01_Old_D.tga using Guid(43f3bf8e72eb2004f8424bd117053dda) Importer(815301076,1909f56bfc062723c751e8b465ee728b)  -> (artifact id: '0e25d396064e529005868973e737ad5d') in 0.013463 seconds 
========================================================================
Received Import Request.
  Time since last request: 0.000024 seconds.
  path: Assets/Models/Environment/Street_props/Hydrant/Hydrant_02_old_sg.tga
  artifactKey: Guid(9adb50f7f23499541a981c06933a7944) Importer(815301076,1909f56bfc062723c751e8b465ee728b)
Start importing Assets/Models/Environment/Street_props/Hydrant/Hydrant_02_old_sg.tga using Guid(9adb50f7f23499541a981c06933a7944) Importer(815301076,1909f56bfc062723c751e8b465ee728b)  -> (artifact id: 'fb6bc830eecb71e62b5f98fcb191bd0d') in 0.018196 seconds 
========================================================================
Received Import Request.
  Time since last request: 0.000028 seconds.
  path: Assets/Models/Environment/Street_props/Hydrant/Hyrdrant_01_Old_SG.tga.tga
  artifactKey: Guid(aaf2f52ba461f9b4b842547386120ad9) Importer(815301076,1909f56bfc062723c751e8b465ee728b)
Start importing Assets/Models/Environment/Street_props/Hydrant/Hyrdrant_01_Old_SG.tga.tga using Guid(aaf2f52ba461f9b4b842547386120ad9) Importer(815301076,1909f56bfc062723c751e8b465ee728b)  -> (artifact id: 'cb668e7033713fc5e8947e9ad45e0f79') in 0.017278 seconds 
========================================================================
Received Import Request.
  Time since last request: 0.000030 seconds.
  path: Assets/Models/Environment/Street_props/Hydrant/Hydrant_02_Old_Prefab.prefab
  artifactKey: Guid(8905c37c1d5034a43833aedbfd98b377) Importer(815301076,1909f56bfc062723c751e8b465ee728b)
Start importing Assets/Models/Environment/Street_props/Hydrant/Hydrant_02_Old_Prefab.prefab using Guid(8905c37c1d5034a43833aedbfd98b377) Importer(815301076,1909f56bfc062723c751e8b465ee728b)  -> (artifact id: '318206e6e68345ff165f7bea84049be4') in 0.022857 seconds 
========================================================================
Received Import Request.
  Time since last request: 0.000027 seconds.
  path: Assets/Models/Environment/Street_props/Hydrant/Hydrant_01_Old.mat
  artifactKey: Guid(0aabf46cb27ddfe4a9fa1e8a70c7ef43) Importer(815301076,1909f56bfc062723c751e8b465ee728b)
Start importing Assets/Models/Environment/Street_props/Hydrant/Hydrant_01_Old.mat using Guid(0aabf46cb27ddfe4a9fa1e8a70c7ef43) Importer(815301076,1909f56bfc062723c751e8b465ee728b)  -> (artifact id: '81b7a743a77e5b3cc1aa49e497f0b8e6') in 0.017154 seconds 
========================================================================
Received Import Request.
  Time since last request: 0.000023 seconds.
  path: Assets/Models/Environment/Street_props/Hydrant/Hydrant_02_new_d.tga
  artifactKey: Guid(2a9314f99534e14428c076adafba21cb) Importer(815301076,1909f56bfc062723c751e8b465ee728b)
Start importing Assets/Models/Environment/Street_props/Hydrant/Hydrant_02_new_d.tga using Guid(2a9314f99534e14428c076adafba21cb) Importer(815301076,1909f56bfc062723c751e8b465ee728b)  -> (artifact id: '6afa5e6fab7d93644cce0a6f2e048b1e') in 0.011556 seconds 
========================================================================
Received Import Request.
  Time since last request: 0.000018 seconds.
  path: Assets/Models/Environment/Street_props/Hydrant/Hydrant_01_Old_Prefab.prefab
  artifactKey: Guid(310b6d3ef0365c94c82f32498d063668) Importer(815301076,1909f56bfc062723c751e8b465ee728b)
Start importing Assets/Models/Environment/Street_props/Hydrant/Hydrant_01_Old_Prefab.prefab using Guid(310b6d3ef0365c94c82f32498d063668) Importer(815301076,1909f56bfc062723c751e8b465ee728b)  -> (artifact id: 'c3e02dd22970c660a8dec5f3d8401641') in 0.017813 seconds 
========================================================================
Received Import Request.
  Time since last request: 14.899712 seconds.
  path: Assets/Models/Environment/Street_props/Hydrant/Hydrant_01_New_Prefab.prefab
  artifactKey: Guid(ee93ae4e907184a4ababba792bae3be4) Importer(815301076,1909f56bfc062723c751e8b465ee728b)
Start importing Assets/Models/Environment/Street_props/Hydrant/Hydrant_01_New_Prefab.prefab using Guid(ee93ae4e907184a4ababba792bae3be4) Importer(815301076,1909f56bfc062723c751e8b465ee728b)  -> (artifact id: '8fb1f4393bfcc3b538adeb7863b6887e') in 0.015755 seconds 
========================================================================
Received Import Request.
  Time since last request: 0.000027 seconds.
  path: Assets/Models/Environment/Street_props/Hydrant/Hydrant_01_Old_Prefab.prefab
  artifactKey: Guid(310b6d3ef0365c94c82f32498d063668) Importer(815301076,1909f56bfc062723c751e8b465ee728b)
Start importing Assets/Models/Environment/Street_props/Hydrant/Hydrant_01_Old_Prefab.prefab using Guid(310b6d3ef0365c94c82f32498d063668) Importer(815301076,1909f56bfc062723c751e8b465ee728b)  -> (artifact id: '045948ce42c5925bbf0d05088708403c') in 0.017229 seconds 
========================================================================
Received Import Request.
  Time since last request: 69.487874 seconds.
  path: Assets/Models/Environment/Street_props/Streetlight/Street_Light_01_1_New_Prefab.prefab
  artifactKey: Guid(21444cae0db6580458561743d3c27441) Importer(815301076,1909f56bfc062723c751e8b465ee728b)
Start importing Assets/Models/Environment/Street_props/Streetlight/Street_Light_01_1_New_Prefab.prefab using Guid(21444cae0db6580458561743d3c27441) Importer(815301076,1909f56bfc062723c751e8b465ee728b)  -> (artifact id: '9eacbcb04ca22ca31459b60d22f0cf8c') in 0.261061 seconds 
========================================================================
Received Import Request.
  Time since last request: 0.000034 seconds.
  path: Assets/Models/Environment/Street_props/Streetlight/Street_Light_02_new_d.tga
  artifactKey: Guid(59879e89b78afad4581ae73687968358) Importer(815301076,1909f56bfc062723c751e8b465ee728b)
Start importing Assets/Models/Environment/Street_props/Streetlight/Street_Light_02_new_d.tga using Guid(59879e89b78afad4581ae73687968358) Importer(815301076,1909f56bfc062723c751e8b465ee728b)  -> (artifact id: 'e15276e68ef0e6c4de9d74ab6776fa31') in 0.014055 seconds 
========================================================================
Received Import Request.
  Time since last request: 0.000031 seconds.
  path: Assets/Models/Environment/Street_props/Streetlight/Street_Light_02_1_Old_Prefab.prefab
  artifactKey: Guid(783afba8e3d3677488b8358e3becf11c) Importer(815301076,1909f56bfc062723c751e8b465ee728b)
Start importing Assets/Models/Environment/Street_props/Streetlight/Street_Light_02_1_Old_Prefab.prefab using Guid(783afba8e3d3677488b8358e3becf11c) Importer(815301076,1909f56bfc062723c751e8b465ee728b)  -> (artifact id: 'd7c03fd144e9f6952d6847f534991dfe') in 0.023152 seconds 
========================================================================
Received Import Request.
  Time since last request: 0.000092 seconds.
  path: Assets/Models/Environment/Street_props/Streetlight/Street_Light_02_N.tga
  artifactKey: Guid(ebd8c822a727adc46bf2fe17955e51cd) Importer(815301076,1909f56bfc062723c751e8b465ee728b)
Start importing Assets/Models/Environment/Street_props/Streetlight/Street_Light_02_N.tga using Guid(ebd8c822a727adc46bf2fe17955e51cd) Importer(815301076,1909f56bfc062723c751e8b465ee728b)  -> (artifact id: '44b60d3eff1f576ed3bff9f5580b7125') in 0.015534 seconds 
========================================================================
Received Import Request.
  Time since last request: 0.000024 seconds.
  path: Assets/Models/Environment/Street_props/Streetlight/Street_Light_01_3_Old_Prefab.prefab
  artifactKey: Guid(d317c92210031704096209095c709877) Importer(815301076,1909f56bfc062723c751e8b465ee728b)
Start importing Assets/Models/Environment/Street_props/Streetlight/Street_Light_01_3_Old_Prefab.prefab using Guid(d317c92210031704096209095c709877) Importer(815301076,1909f56bfc062723c751e8b465ee728b)  -> (artifact id: '61c43a36eb08f7cb85bf6392136456a3') in 0.031850 seconds 
========================================================================
Received Import Request.
  Time since last request: 0.000033 seconds.
  path: Assets/Models/Environment/Street_props/Streetlight/Street_Light_01_5_Old_Prefab.prefab
  artifactKey: Guid(a5670d94adfba1546b79eab5d5d4077a) Importer(815301076,1909f56bfc062723c751e8b465ee728b)
Start importing Assets/Models/Environment/Street_props/Streetlight/Street_Light_01_5_Old_Prefab.prefab using Guid(a5670d94adfba1546b79eab5d5d4077a) Importer(815301076,1909f56bfc062723c751e8b465ee728b)  -> (artifact id: '7b19331f1dddceeef37df11e41e2ac2a') in 0.029607 seconds 
========================================================================
Received Import Request.
  Time since last request: 0.000025 seconds.
  path: Assets/Models/Environment/Street_props/Streetlight/Street_Light_01_4_New_Prefab.prefab
  artifactKey: Guid(2b1651cba65c4a444b1f544b21445d9e) Importer(815301076,1909f56bfc062723c751e8b465ee728b)
Start importing Assets/Models/Environment/Street_props/Streetlight/Street_Light_01_4_New_Prefab.prefab using Guid(2b1651cba65c4a444b1f544b21445d9e) Importer(815301076,1909f56bfc062723c751e8b465ee728b)  -> (artifact id: 'e78195ad37ef79860700433ded766a2b') in 0.027916 seconds 
========================================================================
Received Import Request.
  Time since last request: 0.000023 seconds.
  path: Assets/Models/Environment/Street_props/Streetlight/Street_Light_02_3_New_Prefab.prefab
  artifactKey: Guid(23a328b63054aa14391dc3de61ec320f) Importer(815301076,1909f56bfc062723c751e8b465ee728b)
Start importing Assets/Models/Environment/Street_props/Streetlight/Street_Light_02_3_New_Prefab.prefab using Guid(23a328b63054aa14391dc3de61ec320f) Importer(815301076,1909f56bfc062723c751e8b465ee728b)  -> (artifact id: '62273f072e80453275331d5cd8dafa59') in 0.019632 seconds 
========================================================================
Received Import Request.
  Time since last request: 0.000022 seconds.
  path: Assets/Models/Environment/Street_props/Streetlight/Street_Light_01_5_New_Prefab.prefab
  artifactKey: Guid(9baa02ba35a6ec445b57801bf29befc8) Importer(815301076,1909f56bfc062723c751e8b465ee728b)
Start importing Assets/Models/Environment/Street_props/Streetlight/Street_Light_01_5_New_Prefab.prefab using Guid(9baa02ba35a6ec445b57801bf29befc8) Importer(815301076,1909f56bfc062723c751e8b465ee728b)  -> (artifact id: '2aa7bdb3d13651406d1e4a5aa3f83a6f') in 0.022759 seconds 
========================================================================
Received Import Request.
  Time since last request: 0.000019 seconds.
  path: Assets/Models/Environment/Street_props/Streetlight/Street_Light_01_Old_D.tga
  artifactKey: Guid(d3280eb3d83955c40b662c83fe267da0) Importer(815301076,1909f56bfc062723c751e8b465ee728b)
Start importing Assets/Models/Environment/Street_props/Streetlight/Street_Light_01_Old_D.tga using Guid(d3280eb3d83955c40b662c83fe267da0) Importer(815301076,1909f56bfc062723c751e8b465ee728b)  -> (artifact id: 'f6211e3b932914bf1c59b84628938f3b') in 0.013160 seconds 
========================================================================
Received Import Request.
  Time since last request: 0.000025 seconds.
  path: Assets/Models/Environment/Street_props/Streetlight/Street_Light_01_New_SG.tga
  artifactKey: Guid(53401734ba7e81449b34a9946cfee5f9) Importer(815301076,1909f56bfc062723c751e8b465ee728b)
Start importing Assets/Models/Environment/Street_props/Streetlight/Street_Light_01_New_SG.tga using Guid(53401734ba7e81449b34a9946cfee5f9) Importer(815301076,1909f56bfc062723c751e8b465ee728b)  -> (artifact id: 'a9fa548d0c4424d2bf4044493ff68c90') in 0.012881 seconds 
========================================================================
Received Import Request.
  Time since last request: 0.000024 seconds.
  path: Assets/Models/Environment/Street_props/Streetlight/Street_Light_02_2_Old_Prefab.prefab
  artifactKey: Guid(892adfd1d84ba4946a416df0d5313940) Importer(815301076,1909f56bfc062723c751e8b465ee728b)
Start importing Assets/Models/Environment/Street_props/Streetlight/Street_Light_02_2_Old_Prefab.prefab using Guid(892adfd1d84ba4946a416df0d5313940) Importer(815301076,1909f56bfc062723c751e8b465ee728b)  -> (artifact id: '44c093223410ca0503c473874114f17e') in 0.025918 seconds 
========================================================================
Received Import Request.
  Time since last request: 0.000015 seconds.
  path: Assets/Models/Environment/Street_props/Streetlight/Street_Light_02_3_Old_Prefab.prefab
  artifactKey: Guid(0209386ea225fe746a61967a8e9859ca) Importer(815301076,1909f56bfc062723c751e8b465ee728b)
Start importing Assets/Models/Environment/Street_props/Streetlight/Street_Light_02_3_Old_Prefab.prefab using Guid(0209386ea225fe746a61967a8e9859ca) Importer(815301076,1909f56bfc062723c751e8b465ee728b)  -> (artifact id: 'ad26807395433a20e391ea245ed7e86e') in 0.019113 seconds 
========================================================================
Received Import Request.
  Time since last request: 0.000017 seconds.
  path: Assets/Models/Environment/Street_props/Streetlight/Street_Light_01_4.obj
  artifactKey: Guid(2bc706467a651cb4dacc8ecc6eedad80) Importer(815301076,1909f56bfc062723c751e8b465ee728b)
Start importing Assets/Models/Environment/Street_props/Streetlight/Street_Light_01_4.obj using Guid(2bc706467a651cb4dacc8ecc6eedad80) Importer(815301076,1909f56bfc062723c751e8b465ee728b)  -> (artifact id: '201b24049ab3966d8b4e3cd878b362c7') in 0.020936 seconds 
========================================================================
Received Import Request.
  Time since last request: 0.000017 seconds.
  path: Assets/Models/Environment/Street_props/Streetlight/Street_Light_02_new_sg.tga
  artifactKey: Guid(d4581295613ad2e49affb4cd0c095d09) Importer(815301076,1909f56bfc062723c751e8b465ee728b)
Start importing Assets/Models/Environment/Street_props/Streetlight/Street_Light_02_new_sg.tga using Guid(d4581295613ad2e49affb4cd0c095d09) Importer(815301076,1909f56bfc062723c751e8b465ee728b)  -> (artifact id: '878b954995676e0cadbe7e745addaf1f') in 0.013078 seconds 
========================================================================
Received Import Request.
  Time since last request: 0.000019 seconds.
  path: Assets/Models/Environment/Street_props/Streetlight/Street_Light_02_Old.mat
  artifactKey: Guid(11fb0baf613f33c459e06ff2929658e9) Importer(815301076,1909f56bfc062723c751e8b465ee728b)
Start importing Assets/Models/Environment/Street_props/Streetlight/Street_Light_02_Old.mat using Guid(11fb0baf613f33c459e06ff2929658e9) Importer(815301076,1909f56bfc062723c751e8b465ee728b)  -> (artifact id: '0d16040add3472ea648bc0e98b7d0c0a') in 0.016386 seconds 
========================================================================
Received Import Request.
  Time since last request: 0.000020 seconds.
  path: Assets/Models/Environment/Street_props/Streetlight/Street_Light_01_2.obj
  artifactKey: Guid(38fe5d999c893984392b5e35aa1d69c7) Importer(815301076,1909f56bfc062723c751e8b465ee728b)
Start importing Assets/Models/Environment/Street_props/Streetlight/Street_Light_01_2.obj using Guid(38fe5d999c893984392b5e35aa1d69c7) Importer(815301076,1909f56bfc062723c751e8b465ee728b)  -> (artifact id: '0dc05f77209cda380b3351b935d5e1b7') in 0.018668 seconds 
========================================================================
Received Import Request.
  Time since last request: 0.000017 seconds.
  path: Assets/Models/Environment/Street_props/Streetlight/Street_Light_01_Old.mat
  artifactKey: Guid(a28f599a3506b854a9ca1d746d221038) Importer(815301076,1909f56bfc062723c751e8b465ee728b)
Start importing Assets/Models/Environment/Street_props/Streetlight/Street_Light_01_Old.mat using Guid(a28f599a3506b854a9ca1d746d221038) Importer(815301076,1909f56bfc062723c751e8b465ee728b)  -> (artifact id: '54e74883b783c574dcae603b3e234a2d') in 0.022700 seconds 
========================================================================
Received Import Request.
  Time since last request: 0.000016 seconds.
  path: Assets/Models/Environment/Street_props/Streetlight/Street_light_02_3.obj
  artifactKey: Guid(09032e1de9da03c4e8ef383fd29b41ce) Importer(815301076,1909f56bfc062723c751e8b465ee728b)
Start importing Assets/Models/Environment/Street_props/Streetlight/Street_light_02_3.obj using Guid(09032e1de9da03c4e8ef383fd29b41ce) Importer(815301076,1909f56bfc062723c751e8b465ee728b)  -> (artifact id: '5f00d09eada37c8f3bc2a22dbae69c75') in 0.018454 seconds 
========================================================================
Received Import Request.
  Time since last request: 0.000018 seconds.
  path: Assets/Models/Environment/Street_props/Streetlight/Street_Light_01_2_New_Prefab.prefab
  artifactKey: Guid(c9616dfdd1f6f844b96359919b40d4d4) Importer(815301076,1909f56bfc062723c751e8b465ee728b)
Start importing Assets/Models/Environment/Street_props/Streetlight/Street_Light_01_2_New_Prefab.prefab using Guid(c9616dfdd1f6f844b96359919b40d4d4) Importer(815301076,1909f56bfc062723c751e8b465ee728b)  -> (artifact id: 'dc969ecc7debb08624cedc2d9609993f') in 0.020379 seconds 
========================================================================
Received Import Request.
  Time since last request: 0.000024 seconds.
  path: Assets/Models/Environment/Street_props/Streetlight/Street_Light_01_3_New_Prefab.prefab
  artifactKey: Guid(ccfacf6dc656b5941819ab0c7d03aa16) Importer(815301076,1909f56bfc062723c751e8b465ee728b)
Start importing Assets/Models/Environment/Street_props/Streetlight/Street_Light_01_3_New_Prefab.prefab using Guid(ccfacf6dc656b5941819ab0c7d03aa16) Importer(815301076,1909f56bfc062723c751e8b465ee728b)  -> (artifact id: '5b94db147e12f95ac78af0558f6b7a72') in 0.021192 seconds 
========================================================================
Received Import Request.
  Time since last request: 0.000025 seconds.
  path: Assets/Models/Environment/Street_props/Streetlight/Street_light_02_1.obj
  artifactKey: Guid(344f97585df6cbc4b936f388933f7ab0) Importer(815301076,1909f56bfc062723c751e8b465ee728b)
Start importing Assets/Models/Environment/Street_props/Streetlight/Street_light_02_1.obj using Guid(344f97585df6cbc4b936f388933f7ab0) Importer(815301076,1909f56bfc062723c751e8b465ee728b)  -> (artifact id: 'ebab2097ebee2924b0b1c3d764b6b5e8') in 0.020835 seconds 
========================================================================
Received Import Request.
  Time since last request: 0.000026 seconds.
  path: Assets/Models/Environment/Street_props/Streetlight/Street_light_02_2.obj
  artifactKey: Guid(62603d3d90b485e40bbfcc1fd50d128b) Importer(815301076,1909f56bfc062723c751e8b465ee728b)
Start importing Assets/Models/Environment/Street_props/Streetlight/Street_light_02_2.obj using Guid(62603d3d90b485e40bbfcc1fd50d128b) Importer(815301076,1909f56bfc062723c751e8b465ee728b)  -> (artifact id: 'cb7ec0b562fedefe85cf6b482dd8d63e') in 0.027535 seconds 
========================================================================
Received Import Request.
  Time since last request: 36.984905 seconds.
  path: Assets/Models/Environment/Street_props/Trash/Trash_01_N.tga
  artifactKey: Guid(68576ea8b4af8614a939db4ac9c79f7c) Importer(815301076,1909f56bfc062723c751e8b465ee728b)
Start importing Assets/Models/Environment/Street_props/Trash/Trash_01_N.tga using Guid(68576ea8b4af8614a939db4ac9c79f7c) Importer(815301076,1909f56bfc062723c751e8b465ee728b)  -> (artifact id: '7e4b1f35eef724d2a8dddcb1f704fa86') in 0.017070 seconds 
========================================================================
Received Import Request.
  Time since last request: 0.000024 seconds.
  path: Assets/Models/Environment/Street_props/Trash/Trash_02_New.mat
  artifactKey: Guid(5b005a1a683699a49b13e4b942a6faf8) Importer(815301076,1909f56bfc062723c751e8b465ee728b)
Start importing Assets/Models/Environment/Street_props/Trash/Trash_02_New.mat using Guid(5b005a1a683699a49b13e4b942a6faf8) Importer(815301076,1909f56bfc062723c751e8b465ee728b)  -> (artifact id: '22f9b056a3ca8adcc0875bdc45c5e98e') in 0.251437 seconds 
========================================================================
Received Import Request.
  Time since last request: 0.000025 seconds.
  path: Assets/Models/Environment/Street_props/Trash/Trash_02_new_sg.tga
  artifactKey: Guid(4aa5e7c03b3d2e94a92b42d9e6c63dfc) Importer(815301076,1909f56bfc062723c751e8b465ee728b)
Start importing Assets/Models/Environment/Street_props/Trash/Trash_02_new_sg.tga using Guid(4aa5e7c03b3d2e94a92b42d9e6c63dfc) Importer(815301076,1909f56bfc062723c751e8b465ee728b)  -> (artifact id: 'fadc8215e80a13e487355baf018833be') in 0.015362 seconds 
========================================================================
Received Import Request.
  Time since last request: 0.000024 seconds.
  path: Assets/Models/Environment/Street_props/Trash/Trash_02_n.png
  artifactKey: Guid(2368481d317a23541a4cb54f173de52d) Importer(815301076,1909f56bfc062723c751e8b465ee728b)
Start importing Assets/Models/Environment/Street_props/Trash/Trash_02_n.png using Guid(2368481d317a23541a4cb54f173de52d) Importer(815301076,1909f56bfc062723c751e8b465ee728b)  -> (artifact id: 'f7a4e0f7362828c9063b8d9629777d66') in 0.023555 seconds 
========================================================================
Received Import Request.
  Time since last request: 0.000027 seconds.
  path: Assets/Models/Environment/Street_props/Trash/Trash_01_New_Prefab.prefab
  artifactKey: Guid(ecae75d033de69b4b9867a151a23994e) Importer(815301076,1909f56bfc062723c751e8b465ee728b)
Start importing Assets/Models/Environment/Street_props/Trash/Trash_01_New_Prefab.prefab using Guid(ecae75d033de69b4b9867a151a23994e) Importer(815301076,1909f56bfc062723c751e8b465ee728b)  -> (artifact id: '7b80c54ea19b58269d735510ca5ea1c8') in 0.020193 seconds 
========================================================================
Received Import Request.
  Time since last request: 0.000028 seconds.
  path: Assets/Models/Environment/Street_props/Trash/Trash_01_Old_Prefab.prefab
  artifactKey: Guid(4551a399d95882a4fba9b15c4e798dde) Importer(815301076,1909f56bfc062723c751e8b465ee728b)
Start importing Assets/Models/Environment/Street_props/Trash/Trash_01_Old_Prefab.prefab using Guid(4551a399d95882a4fba9b15c4e798dde) Importer(815301076,1909f56bfc062723c751e8b465ee728b)  -> (artifact id: '33461e255df25065fb51fe147cccdf91') in 0.021200 seconds 
========================================================================
Received Import Request.
  Time since last request: 0.000027 seconds.
  path: Assets/Models/Environment/Street_props/Trash/Trash_02_001.obj
  artifactKey: Guid(63dcb94e48b16e949a2a7966b6dd46b9) Importer(815301076,1909f56bfc062723c751e8b465ee728b)
Start importing Assets/Models/Environment/Street_props/Trash/Trash_02_001.obj using Guid(63dcb94e48b16e949a2a7966b6dd46b9) Importer(815301076,1909f56bfc062723c751e8b465ee728b)  -> (artifact id: '065674b146e2a52b176eb4f9d1ef343d') in 0.023788 seconds 
========================================================================
Received Import Request.
  Time since last request: 0.000021 seconds.
  path: Assets/Models/Environment/Street_props/Trash/Trash_01_New.mat
  artifactKey: Guid(5289fbe29251b614c9e85a59afb5861e) Importer(815301076,1909f56bfc062723c751e8b465ee728b)
Start importing Assets/Models/Environment/Street_props/Trash/Trash_01_New.mat using Guid(5289fbe29251b614c9e85a59afb5861e) Importer(815301076,1909f56bfc062723c751e8b465ee728b)  -> (artifact id: '30bfb700bb15210deed76a159caf7db3') in 0.016789 seconds 
========================================================================
Received Import Request.
  Time since last request: 0.000017 seconds.
  path: Assets/Models/Environment/Street_props/Trash/Trash_02_001_New_Prefab.prefab
  artifactKey: Guid(43928cc264f54974ebcc76d76cbdf2e6) Importer(815301076,1909f56bfc062723c751e8b465ee728b)
Start importing Assets/Models/Environment/Street_props/Trash/Trash_02_001_New_Prefab.prefab using Guid(43928cc264f54974ebcc76d76cbdf2e6) Importer(815301076,1909f56bfc062723c751e8b465ee728b)  -> (artifact id: 'ed9e3b63d6729416f94676cdbaa7c429') in 0.024943 seconds 
========================================================================
Received Import Request.
  Time since last request: 0.000031 seconds.
  path: Assets/Models/Environment/Street_props/Trash/Trash_02_Old.mat
  artifactKey: Guid(284d4fdef0901344ab5755252196e06d) Importer(815301076,1909f56bfc062723c751e8b465ee728b)
Start importing Assets/Models/Environment/Street_props/Trash/Trash_02_Old.mat using Guid(284d4fdef0901344ab5755252196e06d) Importer(815301076,1909f56bfc062723c751e8b465ee728b)  -> (artifact id: 'd778b8a20fd5ae975ebb827ef3bbd120') in 0.021052 seconds 
========================================================================
Received Prepare
Registering precompiled user dll's ...
Registered in 0.007247 seconds.
Begin MonoManager ReloadAssembly
Symbol file LoadedFromMemory doesn't match image E:\School\Winter2022\Production 6\Fighting-Game\Library\PackageCache\com.unity.visualscripting@1.7.6\Editor\VisualScripting.Core\Dependencies\YamlDotNet\Unity.VisualScripting.YamlDotNet.dll
Symbol file LoadedFromMemory doesn't match image E:\School\Winter2022\Production 6\Fighting-Game\Library\PackageCache\com.unity.visualscripting@1.7.6\Editor\VisualScripting.Core\Dependencies\DotNetZip\Unity.VisualScripting.IonicZip.dll
Native extension for LinuxStandalone target not found
Native extension for WindowsStandalone target not found
Native extension for WebGL target not found
Refreshing native plugins compatible for Editor in 0.56 ms, found 3 plugins.
Preloading 0 native plugins for Editor in 0.00 ms.
Mono: successfully reloaded assembly
- Completed reload, in  1.312 seconds
Domain Reload Profiling:
	ReloadAssembly (1313ms)
		BeginReloadAssembly (157ms)
			ExecutionOrderSort (0ms)
			DisableScriptedObjects (4ms)
			BackupInstance (0ms)
			ReleaseScriptingObjects (0ms)
			CreateAndSetChildDomain (39ms)
		EndReloadAssembly (1051ms)
			LoadAssemblies (90ms)
			RebuildTransferFunctionScriptingTraits (0ms)
			SetupTypeCache (326ms)
			ReleaseScriptCaches (1ms)
			RebuildScriptCaches (54ms)
			SetupLoadedEditorAssemblies (428ms)
				LogAssemblyErrors (0ms)
				InitializePlatformSupportModulesInManaged (24ms)
				SetLoadedEditorAssemblies (1ms)
				RefreshPlugins (1ms)
				BeforeProcessingInitializeOnLoad (87ms)
				ProcessInitializeOnLoadAttributes (273ms)
				ProcessInitializeOnLoadMethodAttributes (29ms)
				AfterProcessingInitializeOnLoad (14ms)
				EditorAssembliesLoaded (0ms)
			ExecutionOrderSort2 (0ms)
			AwakeInstancesAfterBackupRestoration (27ms)
Platform modules already initialized, skipping
Refreshing native plugins compatible for Editor in 0.81 ms, found 3 plugins.
Preloading 0 native plugins for Editor in 0.00 ms.
Unloading 3232 Unused Serialized files (Serialized files now loaded: 0)
Unloading 21 unused Assets / (79.4 KB). Loaded Objects now: 3980.
Memory consumption went from 189.3 MB to 189.3 MB.
Total: 3.376500 ms (FindLiveObjects: 0.306600 ms CreateObjectMapping: 0.208000 ms MarkObjects: 2.773600 ms  DeleteObjects: 0.087000 ms)

AssetImportParameters requested are different than current active one (requested -> active):
  custom:video-decoder-ogg-theora: a1e56fd34408186e4bbccfd4996cb3dc -> 
  custom:container-muxer-webm: aa71ff27fc2769a1b78a27578f13a17b -> 
  custom:container-demuxer-webm: 4f35f7cbe854078d1ac9338744f61a02 -> 
  custom:video-encoder-webm-vp8: eb34c28f22e8b96e1ab97ce403110664 -> 
  custom:audio-encoder-webm-vorbis: bf7c407c2cedff20999df2af8eb42d56 -> 
  custom:framework-win-MediaFoundation: 216162199b28c13a410421893ffa2e32 -> 
  custom:container-demuxer-ogg: 62fdf1f143b41e24485cea50d1cbac27 -> 
  custom:video-decoder-webm-vp8: 9c59270c3fd7afecdb556c50c9e8de78 -> 
  custom:audio-decoder-ogg-vorbis: bf7c407c2cedff20999df2af8eb42d56 -> 
========================================================================
Received Prepare
Registering precompiled user dll's ...
Registered in 0.006554 seconds.
Begin MonoManager ReloadAssembly
Symbol file LoadedFromMemory doesn't match image E:\School\Winter2022\Production 6\Fighting-Game\Library\PackageCache\com.unity.visualscripting@1.7.6\Editor\VisualScripting.Core\Dependencies\YamlDotNet\Unity.VisualScripting.YamlDotNet.dll
Symbol file LoadedFromMemory doesn't match image E:\School\Winter2022\Production 6\Fighting-Game\Library\PackageCache\com.unity.visualscripting@1.7.6\Editor\VisualScripting.Core\Dependencies\DotNetZip\Unity.VisualScripting.IonicZip.dll
Native extension for LinuxStandalone target not found
Native extension for WindowsStandalone target not found
Native extension for WebGL target not found
Refreshing native plugins compatible for Editor in 0.62 ms, found 3 plugins.
Preloading 0 native plugins for Editor in 0.00 ms.
Mono: successfully reloaded assembly
- Completed reload, in  1.295 seconds
Domain Reload Profiling:
	ReloadAssembly (1296ms)
		BeginReloadAssembly (158ms)
			ExecutionOrderSort (0ms)
			DisableScriptedObjects (9ms)
			BackupInstance (0ms)
			ReleaseScriptingObjects (0ms)
			CreateAndSetChildDomain (37ms)
		EndReloadAssembly (1019ms)
			LoadAssemblies (100ms)
			RebuildTransferFunctionScriptingTraits (0ms)
			SetupTypeCache (347ms)
			ReleaseScriptCaches (1ms)
			RebuildScriptCaches (54ms)
			SetupLoadedEditorAssemblies (440ms)
				LogAssemblyErrors (0ms)
				InitializePlatformSupportModulesInManaged (23ms)
				SetLoadedEditorAssemblies (1ms)
				RefreshPlugins (1ms)
				BeforeProcessingInitializeOnLoad (93ms)
				ProcessInitializeOnLoadAttributes (275ms)
				ProcessInitializeOnLoadMethodAttributes (31ms)
				AfterProcessingInitializeOnLoad (16ms)
				EditorAssembliesLoaded (0ms)
			ExecutionOrderSort2 (0ms)
			AwakeInstancesAfterBackupRestoration (27ms)
Platform modules already initialized, skipping
Refreshing native plugins compatible for Editor in 1.56 ms, found 3 plugins.
Preloading 0 native plugins for Editor in 0.00 ms.
Unloading 3215 Unused Serialized files (Serialized files now loaded: 0)
Unloading 21 unused Assets / (79.3 KB). Loaded Objects now: 3982.
Memory consumption went from 188.8 MB to 188.7 MB.
Total: 3.405100 ms (FindLiveObjects: 0.302000 ms CreateObjectMapping: 0.227500 ms MarkObjects: 2.785900 ms  DeleteObjects: 0.088400 ms)

AssetImportParameters requested are different than current active one (requested -> active):
  custom:video-decoder-ogg-theora: a1e56fd34408186e4bbccfd4996cb3dc -> 
  custom:container-muxer-webm: aa71ff27fc2769a1b78a27578f13a17b -> 
  custom:container-demuxer-webm: 4f35f7cbe854078d1ac9338744f61a02 -> 
  custom:video-encoder-webm-vp8: eb34c28f22e8b96e1ab97ce403110664 -> 
  custom:audio-encoder-webm-vorbis: bf7c407c2cedff20999df2af8eb42d56 -> 
  custom:framework-win-MediaFoundation: 216162199b28c13a410421893ffa2e32 -> 
  custom:container-demuxer-ogg: 62fdf1f143b41e24485cea50d1cbac27 -> 
  custom:video-decoder-webm-vp8: 9c59270c3fd7afecdb556c50c9e8de78 -> 
  custom:audio-decoder-ogg-vorbis: bf7c407c2cedff20999df2af8eb42d56 -> 
========================================================================
Received Prepare
Registering precompiled user dll's ...
Registered in 0.008549 seconds.
Begin MonoManager ReloadAssembly
Symbol file LoadedFromMemory doesn't match image E:\School\Winter2022\Production 6\Fighting-Game\Library\PackageCache\com.unity.visualscripting@1.7.6\Editor\VisualScripting.Core\Dependencies\YamlDotNet\Unity.VisualScripting.YamlDotNet.dll
Symbol file LoadedFromMemory doesn't match image E:\School\Winter2022\Production 6\Fighting-Game\Library\PackageCache\com.unity.visualscripting@1.7.6\Editor\VisualScripting.Core\Dependencies\DotNetZip\Unity.VisualScripting.IonicZip.dll
Native extension for LinuxStandalone target not found
Native extension for WindowsStandalone target not found
Native extension for WebGL target not found
Refreshing native plugins compatible for Editor in 0.52 ms, found 3 plugins.
Preloading 0 native plugins for Editor in 0.00 ms.
Mono: successfully reloaded assembly
- Completed reload, in  1.214 seconds
Domain Reload Profiling:
	ReloadAssembly (1215ms)
		BeginReloadAssembly (160ms)
			ExecutionOrderSort (0ms)
			DisableScriptedObjects (8ms)
			BackupInstance (0ms)
			ReleaseScriptingObjects (0ms)
			CreateAndSetChildDomain (41ms)
		EndReloadAssembly (942ms)
			LoadAssemblies (109ms)
			RebuildTransferFunctionScriptingTraits (0ms)
			SetupTypeCache (306ms)
			ReleaseScriptCaches (1ms)
			RebuildScriptCaches (53ms)
			SetupLoadedEditorAssemblies (421ms)
				LogAssemblyErrors (0ms)
				InitializePlatformSupportModulesInManaged (26ms)
				SetLoadedEditorAssemblies (1ms)
				RefreshPlugins (1ms)
				BeforeProcessingInitializeOnLoad (81ms)
				ProcessInitializeOnLoadAttributes (274ms)
				ProcessInitializeOnLoadMethodAttributes (27ms)
				AfterProcessingInitializeOnLoad (11ms)
				EditorAssembliesLoaded (0ms)
			ExecutionOrderSort2 (0ms)
			AwakeInstancesAfterBackupRestoration (22ms)
Platform modules already initialized, skipping
Refreshing native plugins compatible for Editor in 0.54 ms, found 3 plugins.
Preloading 0 native plugins for Editor in 0.00 ms.
Unloading 3215 Unused Serialized files (Serialized files now loaded: 0)
Unloading 21 unused Assets / (79.3 KB). Loaded Objects now: 3984.
Memory consumption went from 188.8 MB to 188.8 MB.
Total: 3.540800 ms (FindLiveObjects: 0.320300 ms CreateObjectMapping: 0.226000 ms MarkObjects: 2.882800 ms  DeleteObjects: 0.110200 ms)

AssetImportParameters requested are different than current active one (requested -> active):
  custom:video-decoder-ogg-theora: a1e56fd34408186e4bbccfd4996cb3dc -> 
  custom:container-muxer-webm: aa71ff27fc2769a1b78a27578f13a17b -> 
  custom:container-demuxer-webm: 4f35f7cbe854078d1ac9338744f61a02 -> 
  custom:video-encoder-webm-vp8: eb34c28f22e8b96e1ab97ce403110664 -> 
  custom:audio-encoder-webm-vorbis: bf7c407c2cedff20999df2af8eb42d56 -> 
  custom:framework-win-MediaFoundation: 216162199b28c13a410421893ffa2e32 -> 
  custom:container-demuxer-ogg: 62fdf1f143b41e24485cea50d1cbac27 -> 
  custom:video-decoder-webm-vp8: 9c59270c3fd7afecdb556c50c9e8de78 -> 
  custom:audio-decoder-ogg-vorbis: bf7c407c2cedff20999df2af8eb42d56 -> 
========================================================================
Received Prepare
Registering precompiled user dll's ...
Registered in 0.008125 seconds.
Begin MonoManager ReloadAssembly
Symbol file LoadedFromMemory doesn't match image E:\School\Winter2022\Production 6\Fighting-Game\Library\PackageCache\com.unity.visualscripting@1.7.6\Editor\VisualScripting.Core\Dependencies\YamlDotNet\Unity.VisualScripting.YamlDotNet.dll
Symbol file LoadedFromMemory doesn't match image E:\School\Winter2022\Production 6\Fighting-Game\Library\PackageCache\com.unity.visualscripting@1.7.6\Editor\VisualScripting.Core\Dependencies\DotNetZip\Unity.VisualScripting.IonicZip.dll
Native extension for LinuxStandalone target not found
Native extension for WindowsStandalone target not found
Native extension for WebGL target not found
Refreshing native plugins compatible for Editor in 0.96 ms, found 3 plugins.
Preloading 0 native plugins for Editor in 0.00 ms.
Mono: successfully reloaded assembly
- Completed reload, in  1.285 seconds
Domain Reload Profiling:
	ReloadAssembly (1286ms)
		BeginReloadAssembly (146ms)
			ExecutionOrderSort (0ms)
			DisableScriptedObjects (8ms)
			BackupInstance (0ms)
			ReleaseScriptingObjects (0ms)
			CreateAndSetChildDomain (38ms)
		EndReloadAssembly (1027ms)
			LoadAssemblies (96ms)
			RebuildTransferFunctionScriptingTraits (0ms)
			SetupTypeCache (348ms)
			ReleaseScriptCaches (1ms)
			RebuildScriptCaches (58ms)
			SetupLoadedEditorAssemblies (426ms)
				LogAssemblyErrors (0ms)
				InitializePlatformSupportModulesInManaged (24ms)
				SetLoadedEditorAssemblies (1ms)
				RefreshPlugins (1ms)
				BeforeProcessingInitializeOnLoad (83ms)
				ProcessInitializeOnLoadAttributes (275ms)
				ProcessInitializeOnLoadMethodAttributes (29ms)
				AfterProcessingInitializeOnLoad (13ms)
				EditorAssembliesLoaded (0ms)
			ExecutionOrderSort2 (0ms)
			AwakeInstancesAfterBackupRestoration (29ms)
Platform modules already initialized, skipping
Refreshing native plugins compatible for Editor in 1.30 ms, found 3 plugins.
Preloading 0 native plugins for Editor in 0.00 ms.
Unloading 3215 Unused Serialized files (Serialized files now loaded: 0)
Unloading 21 unused Assets / (79.3 KB). Loaded Objects now: 3986.
Memory consumption went from 188.9 MB to 188.8 MB.
Total: 4.896700 ms (FindLiveObjects: 0.349700 ms CreateObjectMapping: 0.251800 ms MarkObjects: 4.133800 ms  DeleteObjects: 0.159900 ms)

AssetImportParameters requested are different than current active one (requested -> active):
  custom:video-decoder-ogg-theora: a1e56fd34408186e4bbccfd4996cb3dc -> 
  custom:container-muxer-webm: aa71ff27fc2769a1b78a27578f13a17b -> 
  custom:container-demuxer-webm: 4f35f7cbe854078d1ac9338744f61a02 -> 
  custom:video-encoder-webm-vp8: eb34c28f22e8b96e1ab97ce403110664 -> 
  custom:audio-encoder-webm-vorbis: bf7c407c2cedff20999df2af8eb42d56 -> 
  custom:framework-win-MediaFoundation: 216162199b28c13a410421893ffa2e32 -> 
  custom:container-demuxer-ogg: 62fdf1f143b41e24485cea50d1cbac27 -> 
  custom:video-decoder-webm-vp8: 9c59270c3fd7afecdb556c50c9e8de78 -> 
  custom:audio-decoder-ogg-vorbis: bf7c407c2cedff20999df2af8eb42d56 -> 
========================================================================
Received Prepare
Registering precompiled user dll's ...
Registered in 0.008743 seconds.
Begin MonoManager ReloadAssembly
Symbol file LoadedFromMemory doesn't match image E:\School\Winter2022\Production 6\Fighting-Game\Library\PackageCache\com.unity.visualscripting@1.7.6\Editor\VisualScripting.Core\Dependencies\YamlDotNet\Unity.VisualScripting.YamlDotNet.dll
Symbol file LoadedFromMemory doesn't match image E:\School\Winter2022\Production 6\Fighting-Game\Library\PackageCache\com.unity.visualscripting@1.7.6\Editor\VisualScripting.Core\Dependencies\DotNetZip\Unity.VisualScripting.IonicZip.dll
Native extension for LinuxStandalone target not found
Native extension for WindowsStandalone target not found
Native extension for WebGL target not found
Refreshing native plugins compatible for Editor in 0.51 ms, found 3 plugins.
Preloading 0 native plugins for Editor in 0.00 ms.
Mono: successfully reloaded assembly
- Completed reload, in  1.342 seconds
Domain Reload Profiling:
	ReloadAssembly (1343ms)
		BeginReloadAssembly (156ms)
			ExecutionOrderSort (0ms)
			DisableScriptedObjects (8ms)
			BackupInstance (0ms)
			ReleaseScriptingObjects (0ms)
			CreateAndSetChildDomain (34ms)
		EndReloadAssembly (1074ms)
			LoadAssemblies (97ms)
			RebuildTransferFunctionScriptingTraits (0ms)
			SetupTypeCache (340ms)
			ReleaseScriptCaches (1ms)
			RebuildScriptCaches (64ms)
			SetupLoadedEditorAssemblies (482ms)
				LogAssemblyErrors (0ms)
				InitializePlatformSupportModulesInManaged (26ms)
				SetLoadedEditorAssemblies (1ms)
				RefreshPlugins (1ms)
				BeforeProcessingInitializeOnLoad (99ms)
				ProcessInitializeOnLoadAttributes (314ms)
				ProcessInitializeOnLoadMethodAttributes (28ms)
				AfterProcessingInitializeOnLoad (14ms)
				EditorAssembliesLoaded (0ms)
			ExecutionOrderSort2 (0ms)
			AwakeInstancesAfterBackupRestoration (25ms)
Platform modules already initialized, skipping
Refreshing native plugins compatible for Editor in 0.65 ms, found 3 plugins.
Preloading 0 native plugins for Editor in 0.00 ms.
Unloading 3215 Unused Serialized files (Serialized files now loaded: 0)
Unloading 21 unused Assets / (79.4 KB). Loaded Objects now: 3988.
Memory consumption went from 188.9 MB to 188.8 MB.
Total: 3.143300 ms (FindLiveObjects: 0.380900 ms CreateObjectMapping: 0.249600 ms MarkObjects: 2.415600 ms  DeleteObjects: 0.096100 ms)

AssetImportParameters requested are different than current active one (requested -> active):
  custom:video-decoder-ogg-theora: a1e56fd34408186e4bbccfd4996cb3dc -> 
  custom:container-muxer-webm: aa71ff27fc2769a1b78a27578f13a17b -> 
  custom:container-demuxer-webm: 4f35f7cbe854078d1ac9338744f61a02 -> 
  custom:video-encoder-webm-vp8: eb34c28f22e8b96e1ab97ce403110664 -> 
  custom:audio-encoder-webm-vorbis: bf7c407c2cedff20999df2af8eb42d56 -> 
  custom:framework-win-MediaFoundation: 216162199b28c13a410421893ffa2e32 -> 
  custom:container-demuxer-ogg: 62fdf1f143b41e24485cea50d1cbac27 -> 
  custom:video-decoder-webm-vp8: 9c59270c3fd7afecdb556c50c9e8de78 -> 
  custom:audio-decoder-ogg-vorbis: bf7c407c2cedff20999df2af8eb42d56 -> 
========================================================================
Received Prepare
Registering precompiled user dll's ...
Registered in 0.008203 seconds.
Begin MonoManager ReloadAssembly
Symbol file LoadedFromMemory doesn't match image E:\School\Winter2022\Production 6\Fighting-Game\Library\PackageCache\com.unity.visualscripting@1.7.6\Editor\VisualScripting.Core\Dependencies\YamlDotNet\Unity.VisualScripting.YamlDotNet.dll
Symbol file LoadedFromMemory doesn't match image E:\School\Winter2022\Production 6\Fighting-Game\Library\PackageCache\com.unity.visualscripting@1.7.6\Editor\VisualScripting.Core\Dependencies\DotNetZip\Unity.VisualScripting.IonicZip.dll
Native extension for LinuxStandalone target not found
Native extension for WindowsStandalone target not found
Native extension for WebGL target not found
Refreshing native plugins compatible for Editor in 0.97 ms, found 3 plugins.
Preloading 0 native plugins for Editor in 0.00 ms.
Mono: successfully reloaded assembly
- Completed reload, in  1.477 seconds
Domain Reload Profiling:
	ReloadAssembly (1478ms)
		BeginReloadAssembly (181ms)
			ExecutionOrderSort (0ms)
			DisableScriptedObjects (17ms)
			BackupInstance (0ms)
			ReleaseScriptingObjects (0ms)
			CreateAndSetChildDomain (37ms)
		EndReloadAssembly (1158ms)
			LoadAssemblies (111ms)
			RebuildTransferFunctionScriptingTraits (0ms)
			SetupTypeCache (378ms)
			ReleaseScriptCaches (1ms)
			RebuildScriptCaches (71ms)
			SetupLoadedEditorAssemblies (502ms)
				LogAssemblyErrors (0ms)
				InitializePlatformSupportModulesInManaged (25ms)
				SetLoadedEditorAssemblies (1ms)
				RefreshPlugins (1ms)
				BeforeProcessingInitializeOnLoad (106ms)
				ProcessInitializeOnLoadAttributes (316ms)
				ProcessInitializeOnLoadMethodAttributes (36ms)
				AfterProcessingInitializeOnLoad (17ms)
				EditorAssembliesLoaded (0ms)
			ExecutionOrderSort2 (0ms)
			AwakeInstancesAfterBackupRestoration (30ms)
Platform modules already initialized, skipping
Refreshing native plugins compatible for Editor in 1.59 ms, found 3 plugins.
Preloading 0 native plugins for Editor in 0.00 ms.
Unloading 3215 Unused Serialized files (Serialized files now loaded: 0)
Unloading 21 unused Assets / (79.3 KB). Loaded Objects now: 3990.
Memory consumption went from 188.9 MB to 188.8 MB.
Total: 4.246300 ms (FindLiveObjects: 0.464800 ms CreateObjectMapping: 0.309600 ms MarkObjects: 3.377200 ms  DeleteObjects: 0.093100 ms)

AssetImportParameters requested are different than current active one (requested -> active):
  custom:video-decoder-ogg-theora: a1e56fd34408186e4bbccfd4996cb3dc -> 
  custom:container-muxer-webm: aa71ff27fc2769a1b78a27578f13a17b -> 
  custom:container-demuxer-webm: 4f35f7cbe854078d1ac9338744f61a02 -> 
  custom:video-encoder-webm-vp8: eb34c28f22e8b96e1ab97ce403110664 -> 
  custom:audio-encoder-webm-vorbis: bf7c407c2cedff20999df2af8eb42d56 -> 
  custom:framework-win-MediaFoundation: 216162199b28c13a410421893ffa2e32 -> 
  custom:container-demuxer-ogg: 62fdf1f143b41e24485cea50d1cbac27 -> 
  custom:video-decoder-webm-vp8: 9c59270c3fd7afecdb556c50c9e8de78 -> 
  custom:audio-decoder-ogg-vorbis: bf7c407c2cedff20999df2af8eb42d56 -> 
========================================================================
Received Import Request.
  Time since last request: 1850.719271 seconds.
  path: Assets/Animations/Player/PlayerAnimController.controller
  artifactKey: Guid(afd3b80be5b4575419fa1f1da69277c9) Importer(815301076,1909f56bfc062723c751e8b465ee728b)
Start importing Assets/Animations/Player/PlayerAnimController.controller using Guid(afd3b80be5b4575419fa1f1da69277c9) Importer(815301076,1909f56bfc062723c751e8b465ee728b)  -> (artifact id: '7e28ac64e66aed7670458877b0d3fb5a') in 0.125082 seconds 
